# cmcalibrate :: fit exponential tails for CM E-values
# INFERNAL 1.1.1 (July 2014)
# Copyright (C) 2014 Howard Hughes Medical Institute.
# Freely distributed under the GNU General Public License (GPLv3).
# - - - - - - - - - - - - - - - - - - - - - - - - - - - - - - - - - - - -
# CM file:                                     /mnt/storage/tmp/rnalien/cm18693/result.cm
# number of worker threads:                    5 [--cpu]
# - - - - - - - - - - - - - - - - - - - - - - - - - - - - - - - - - - - -
#
# Calibrating CM(s):
#
#                        predicted                                                   actual   
#                       running time              percent complete                running time
# model name            (hr:min:sec)  [........25........50........75..........]  (hr:min:sec)
# --------------------  ------------  ------------------------------------------  ------------
  newstructuremodel         00:01:12  [========================================]      00:01:41
#
# Calibration summary statistics:
#
#                           exponential tail fit mu        exponential tail fit lambda         total number of hits      
#                       -------------------------------  -------------------------------  -------------------------------
# model name            glc cyk glc ins loc cyk loc ins  glc cyk glc ins loc cyk loc ins  glc cyk glc ins loc cyk loc ins
# --------------------  ------- ------- ------- -------  ------- ------- ------- -------  ------- ------- ------- -------
  newstructuremodel       -2.83   -0.98    2.62    3.24    0.434   0.470   0.483   0.452   473273  366142  854655  723269
#
# CPU time: 497.12u 3.03s 00:08:20.15 Elapsed: 00:01:41.75
[ok]
