# cmsearch :: search CM(s) against a sequence database
# INFERNAL 1.1.3 (Nov 2019)
# Copyright (C) 2019 Howard Hughes Medical Institute.
# Freely distributed under the BSD open source license.
# - - - - - - - - - - - - - - - - - - - - - - - - - - - - - - - - - - - -
# query CM file:                         toxilit1man_model.cm
# target sequence database:              ../all_genomes.fna
# database size is set to:               549862.6 Mb
# output directed to file:               toxilit1man_cmsearch.out
# MSA of significant hits saved to file: toxilit1man_cmsearch_msa.fa
# tabular output of hits:                toxilit1man_cmsearch_hits.txt
# verbose output mode:                   on
# sequence reporting threshold:          E-value <= 1000
# HMM-only mode for 0 basepair models:   no
# number of worker threads:              16 [--cpu]
# - - - - - - - - - - - - - - - - - - - - - - - - - - - - - - - - - - - -

Query:       RNAalifold_results  [CLEN=39]
Hit scores:
 rank     E-value  score  bias  sequence            start     end   mdl trunc   gc  description
 ----   --------- ------ -----  ----------------- ------- -------   --- ----- ----  -----------
 ------ inclusion threshold ------
  (1) ?   1.5e+02   31.9   0.0  NZ_JWID01000021.1   13014   13050 +  cm    no 0.43  Defluviitalea phaphyphila strain Alg1 scaffold21, whole ge
  (2) ?   1.5e+02   31.9   0.0  NZ_JWID01000021.1   13084   13120 +  cm    no 0.43  Defluviitalea phaphyphila strain Alg1 scaffold21, whole ge
  (3) ?   1.5e+02   31.9   0.0  NZ_NIRQ01000001.1    9240    9203 -  cm    no 0.37  Fusobacterium nucleatum subsp. polymorphum strain KCOM 133
  (4) ?   1.7e+02   31.7   0.0  NZ_QSTZ01000034.1    3609    3571 -  cm    no 0.38  Fusobacterium mortiferum strain OM06-15BH OM06-15BH.Scaf34
  (5) ?   2.1e+02   31.3   0.0  NZ_CP024704.1     2135702 2135738 +  cm    no 0.32  Fusobacterium periodonticum strain KCOM 2555 chromosome, c
  (6) ?   2.3e+02   31.1   0.0  NZ_AP018537.1      819074  819110 +  cm    no 0.41  Erysipelotrichaceae bacterium GAM147 DNA, complete genome
  (7) ?   2.7e+02   30.9   0.0  NZ_KB913034.1     1301394 1301429 +  cm    no 0.44  Allobaculum stercoricanis DSM 13633 AllstDRAFT_scaffold1.1
  (8) ?   2.7e+02   30.9   0.0  NZ_KB913034.1     1301462 1301497 +  cm    no 0.44  Allobaculum stercoricanis DSM 13633 AllstDRAFT_scaffold1.1
  (9) ?   2.8e+02   30.8   0.0  NZ_JALU01000020.1   76646   76681 +  cm    no 0.44  Mogibacterium timidum ATCC 33093 ctg7180000004144, whole g
 (10) ?   3.1e+02   30.6   0.0  NZ_NIRQ01000001.1    9314    9277 -  cm    no 0.34  Fusobacterium nucleatum subsp. polymorphum strain KCOM 133
 (11) ?   4.3e+02   30.1   0.0  NZ_GG657971.1       76396   76434 +  cm    no 0.31  Fusobacterium gonidiaformans 3-1-5R strain 3_1_5R supercon
 (12) ?   4.5e+02   30.0   0.0  NZ_JH815232.1      619049  619085 +  cm    no 0.43  Fusobacterium ulcerans ATCC 49185 supercont2.5, whole geno
 (13) ?   4.5e+02   30.0   0.0  NZ_CP028105.1      432013  431977 -  cm    no 0.43  Fusobacterium ulcerans strain ATCC 49185 chromosome, compl
 (14) ?   4.5e+02   30.0   0.0  NZ_LS483487.1     2420072 2420036 -  cm    no 0.43  Fusobacterium ulcerans strain NCTC12112 genome assembly, c
 (15) ?   4.6e+02   30.0   0.0  NZ_KB894611.1        5265    5303 +  cm    no 0.46  Anaeromusa acidaminophila DSM 3853 C508DRAFT_scaffold00030
 (16) ?   7.7e+02   29.1   0.0  NZ_KB894611.1        5341    5379 +  cm    no 0.44  Anaeromusa acidaminophila DSM 3853 C508DRAFT_scaffold00030
 (17) ?   8.4e+02   28.9   0.0  NZ_APBW01000006.1   25834   25871 +  cm    no 0.34  Glaesserella parasuis 12939 KR4_12939.contig.5, whole geno
 (18) ?   8.4e+02   28.9   0.0  NZ_APBW01000006.1   26086   26123 +  cm    no 0.34  Glaesserella parasuis 12939 KR4_12939.contig.5, whole geno
 (19) ?   8.4e+02   28.9   0.0  NZ_APBX01000002.1   22239   22276 +  cm    no 0.34  Glaesserella parasuis 84-15995 ghpKR6.contig.1, whole geno
 (20) ?   8.4e+02   28.9   0.0  NZ_AZQU01000045.1   21628   21665 +  cm    no 0.34  Glaesserella parasuis 84-17975 contig045, whole genome sho
 (21) ?   8.4e+02   28.9   0.0  NZ_APBZ01000010.1  107290  107327 +  cm    no 0.34  Glaesserella parasuis D74 ghpKR8.contig.9, whole genome sh
 (22) ?   8.4e+02   28.9   0.0  NZ_APBZ01000010.1  107648  107685 +  cm    no 0.34  Glaesserella parasuis D74 ghpKR8.contig.9, whole genome sh
 (23) ?   8.4e+02   28.9   0.0  NZ_AOSU01000002.1   13917   13880 -  cm    no 0.34  Glaesserella parasuis gx033 Scaffold1_3, whole genome shot
 (24) ?   8.4e+02   28.9   0.0  NZ_APBY01000011.1   90498   90535 +  cm    no 0.34  Glaesserella parasuis H465 KR7_PE.contig.10, whole genome 
 (25) ?   8.4e+02   28.9   0.0  NZ_JDSO01000193.1   36863   36826 -  cm    no 0.34  Glaesserella parasuis HPS10 contig0196, whole genome shotg
 (26) ?   8.4e+02   28.9   0.0  NZ_JDSP01000234.1    3916    3879 -  cm    no 0.34  Glaesserella parasuis HPS11 contig0236, whole genome shotg
 (27) ?   8.4e+02   28.9   0.0  NZ_JDSN01000024.1   37329   37292 -  cm    no 0.34  Glaesserella parasuis HPS9 contig0024, whole genome shotgu
 (28) ?   8.4e+02   28.9   0.0  NZ_APBV01000010.1   32954   32991 +  cm    no 0.34  Glaesserella parasuis MN-H KuehnKR3.contig.9, whole genome
 (29) ?   8.4e+02   28.9   0.0  NC_011852.1        249277  249314 +  cm    no 0.34  Haemophilus parasuis SH0165, complete genome
 (30) ?   8.4e+02   28.9   0.0  NZ_JJNQ01000141.1   21651   21688 +  cm    no 0.34  Glaesserella parasuis ST4-1 contig0143, whole genome shotg
 (31) ?   8.4e+02   28.9   0.0  NZ_JJNR01000207.1   21631   21668 +  cm    no 0.34  Glaesserella parasuis ST4-2 contig0215, whole genome shotg
 (32) ?   8.4e+02   28.9   0.0  NZ_MNAL01000009.1   37227   37190 -  cm    no 0.34  Glaesserella parasuis strain 131 Scaffold9, whole genome s
 (33) ?   8.4e+02   28.9   0.0  NZ_MNAV01000011.1   36872   36835 -  cm    no 0.34  Glaesserella parasuis strain 16 Scaffold11, whole genome s
 (34) ?   8.4e+02   28.9   0.0  NZ_MUXW01000001.1   74634   74597 -  cm    no 0.34  Glaesserella parasuis strain CCUG 3712 3712T_ctg_0000001, 
 (35) ?   8.4e+02   28.9   0.0  NZ_CP020085.1     1375917 1375954 +  cm    no 0.34  [Haemophilus] parasuis strain CL120103, complete genome
 (36) ?   8.4e+02   28.9   0.0  NZ_JHQI01000059.1    7075    7112 +  cm    no 0.34  Glaesserella parasuis strain F9 HS327contig000059, whole g
 (37) ?   8.4e+02   28.9   0.0  NZ_MNAP01000020.1   13578   13541 -  cm    no 0.34  Glaesserella parasuis strain H12 Scaffold20, whole genome 
 (38) ?   8.4e+02   28.9   0.0  NZ_MNAQ01000021.1   13578   13541 -  cm    no 0.34  Glaesserella parasuis strain H35 Scaffold21, whole genome 
 (39) ?   8.4e+02   28.9   0.0  NZ_MNAR01000021.1   13578   13541 -  cm    no 0.34  Glaesserella parasuis strain H36 Scaffold21, whole genome 
 (40) ?   8.4e+02   28.9   0.0  NZ_MNAW01000011.1   37125   37088 -  cm    no 0.34  Glaesserella parasuis strain H38 Scaffold11, whole genome 
 (41) ?   8.4e+02   28.9   0.0  NZ_MNAX01000011.1   37125   37088 -  cm    no 0.34  Glaesserella parasuis strain H39 Scaffold11, whole genome 
 (42) ?   8.4e+02   28.9   0.0  NZ_MNAS01000004.1   40994   40957 -  cm    no 0.34  Glaesserella parasuis strain H47 Scaffold4, whole genome s
 (43) ?   8.4e+02   28.9   0.0  NZ_MOLW01000039.1    8990    9027 +  cm    no 0.34  Glaesserella parasuis strain Hp100/13 Hp100_S43_L001_R1_00
 (44) ?   8.4e+02   28.9   0.0  NZ_MNAT01000015.1   23349   23386 +  cm    no 0.34  Glaesserella parasuis strain HPS4 Scaffold15, whole genome
 (45) ?   8.4e+02   28.9   0.0  NZ_MNAZ01000002.1   11480   11443 -  cm    no 0.34  Glaesserella parasuis strain HPS6 Scaffold2, whole genome 
 (46) ?   8.4e+02   28.9   0.0  NZ_MNAY01000012.1   37113   37076 -  cm    no 0.34  Glaesserella parasuis strain K3 Scaffold12, whole genome s
 (47) ?   8.4e+02   28.9   0.0  NZ_CP009237.1      471007  470970 -  cm    no 0.34  [Haemophilus] parasuis strain KL0318 chromosome, complete 
 (48) ?   8.4e+02   28.9   0.0  NZ_UGHL01000001.1 1088200 1088237 +  cm    no 0.34  Glaesserella parasuis strain NCTC4557, whole genome shotgu
 (49) ?   8.4e+02   28.9   0.0  NZ_CP015099.1      180826  180789 -  cm    no 0.34  [Haemophilus] parasuis strain SC1401, complete genome
 (50) ?   8.4e+02   28.9   0.0  NZ_CP024412.1     1179776 1179739 -  cm    no 0.34  Glaesserella parasuis strain SH0104 chromosome, complete g
 (51) ?   8.4e+02   28.9   0.0  NZ_CP009158.1      920632  920595 -  cm    no 0.34  [Haemophilus] parasuis strain SH03 chromosome, complete ge
 (52) ?   8.4e+02   28.9   0.0  NZ_MNAU01000001.1   36866   36829 -  cm    no 0.34  Glaesserella parasuis strain YT Scaffold1, whole genome sh
 (53) ?   8.4e+02   28.9   0.0  NZ_ANKT01000043.1  250974  251011 +  cm    no 0.34  Glaesserella parasuis str. Nagasaki Contig158, whole genom
 (54) ?   8.4e+02   28.9   0.0  NZ_APBU01000003.1   35603   35640 +  cm    no 0.34  Glaesserella parasuis SW114 ghpKR2.contig.2, whole genome 
 (55) ?   8.4e+02   28.9   0.0  NZ_PYLQ01000009.1   43349   43385 +  cm    no 0.41  Lachnoclostridium sp. SNUG30099 scaffold_8, whole genome s
 (56) ?   8.5e+02   28.9   0.0  NC_009922.1       1952893 1952857 -  cm    no 0.43  Alkaliphilus oremlandii OhILAs, complete genome
 (57) ?   9.4e+02   28.7   0.0  NZ_CP009126.1       29944   29907 -  cm    no 0.45  Pectobacterium atrosepticum strain 21A plasmid pPA21A, com


Hit alignments:
>> NZ_JWID01000021.1  Defluviitalea phaphyphila strain Alg1 scaffold21, whole genome shotgun sequence
 rank     E-value  score  bias mdl mdl from   mdl to       seq from      seq to       acc trunc   gc bands     tau   mx Mb seconds pass cfg mdllen      seqlen
 ----   --------- ------ ----- --- -------- --------    ----------- -----------      ---- ----- ---- ----- ------- ------- ------- ---- --- ------ -----------
  (1) ?   1.5e+02   31.9   0.0  cm        1       39 []       13014       13050 + .. 0.97    no 0.43   hmm   5e-06    0.12    0.00    1 loc     39       32739

                                                                   NC
                           :::::<<<<________>>>>:::::::::::::::::: CS
  RNAalifold_results     1 AAAgaaGGuGgAuCcCuaCCuUaAAAGUGgGaauUAAAA 39   
                           AAA+ :GGUG+A CCCUACC:U+A AGUGGGA+ UAAAA
   NZ_JWID01000021.1 13014 AAAAGCGGUGAA-CCCUACCAUUA-AGUGGGAGCUAAAA 13050
                           **********87.***9******5.************** PP

>> NZ_JWID01000021.1  Defluviitalea phaphyphila strain Alg1 scaffold21, whole genome shotgun sequence
 rank     E-value  score  bias mdl mdl from   mdl to       seq from      seq to       acc trunc   gc bands     tau   mx Mb seconds pass cfg mdllen      seqlen
 ----   --------- ------ ----- --- -------- --------    ----------- -----------      ---- ----- ---- ----- ------- ------- ------- ---- --- ------ -----------
  (2) ?   1.5e+02   31.9   0.0  cm        1       39 []       13084       13120 + .. 0.97    no 0.43   hmm   5e-06    0.12    0.00    1 loc     39       32739

                                                                   NC
                           :::::<<<<________>>>>:::::::::::::::::: CS
  RNAalifold_results     1 AAAgaaGGuGgAuCcCuaCCuUaAAAGUGgGaauUAAAA 39   
                           AAA+ :GGUG+A CCCUACC:U+A AGUGGGA+ UAAAA
   NZ_JWID01000021.1 13084 AAAAGCGGUGAA-CCCUACCAUUA-AGUGGGAGCUAAAA 13120
                           **********87.***9******5.************** PP

>> NZ_NIRQ01000001.1  Fusobacterium nucleatum subsp. polymorphum strain KCOM 1330 (=ChDC F330) F330_1, whole genome shot
 rank     E-value  score  bias mdl mdl from   mdl to       seq from      seq to       acc trunc   gc bands     tau   mx Mb seconds pass cfg mdllen      seqlen
 ----   --------- ------ ----- --- -------- --------    ----------- -----------      ---- ----- ---- ----- ------- ------- ------- ---- --- ------ -----------
  (3) ?   1.5e+02   31.9   0.0  cm        1       39 []        9240        9203 - .. 0.98    no 0.37   hmm   5e-06    0.12    0.00    1 loc     39     2545884

                                                                  NC
                          :::::<<<<________>>>>:::::::::::::::::: CS
  RNAalifold_results    1 AAAgaaGGuGgAuCcCuaCCuUaAAAGUGgGaauUAAAA 39  
                          AAAG+:GGUG A C CUACC:UA AAGUG+GAA UAAAA
   NZ_NIRQ01000001.1 9240 AAAGUCGGUGUA-CUCUACCGUAUAAGUGAGAACUAAAA 9203
                          **********87.***9********************** PP

>> NZ_QSTZ01000034.1  Fusobacterium mortiferum strain OM06-15BH OM06-15BH.Scaf34, whole genome shotgun sequence
 rank     E-value  score  bias mdl mdl from   mdl to       seq from      seq to       acc trunc   gc bands     tau   mx Mb seconds pass cfg mdllen      seqlen
 ----   --------- ------ ----- --- -------- --------    ----------- -----------      ---- ----- ---- ----- ------- ------- ------- ---- --- ------ -----------
  (4) ?   1.7e+02   31.7   0.0  cm        1       39 []        3609        3571 - .. 0.98    no 0.38   hmm   5e-06    0.12    0.00    1 loc     39        8621

                                                                   NC
                          :::::<<<<________>>>>:::.::::::::::::::: CS
  RNAalifold_results    1 AAAgaaGGuGgAuCcCuaCCuUaA.AAGUGgGaauUAAAA 39  
                          AAA+ :GGUG A CCCUACC:++  AAGUGGGAA UAAAA
   NZ_QSTZ01000034.1 3609 AAAAGCGGUGUA-CCCUACCAAUUuAAGUGGGAACUAAAA 3571
                          **********77.9999*********************** PP

>> NZ_CP024704.1  Fusobacterium periodonticum strain KCOM 2555 chromosome, complete genome
 rank     E-value  score  bias mdl mdl from   mdl to       seq from      seq to       acc trunc   gc bands     tau   mx Mb seconds pass cfg mdllen      seqlen
 ----   --------- ------ ----- --- -------- --------    ----------- -----------      ---- ----- ---- ----- ------- ------- ------- ---- --- ------ -----------
  (5) ?   2.1e+02   31.3   0.0  cm        1       39 []     2135702     2135738 + .. 0.97    no 0.32   hmm   5e-06    0.12    0.00    1 loc     39     2477385

                                                                     NC
                             :::::<<<<________>>>>:::::::::::::::::: CS
  RNAalifold_results       1 AAAgaaGGuGgAuCcCuaCCuUaAAAGUGgGaauUAAAA 39     
                             AAA+ :GGUG A C CUACC:UAA AGUG+GAAUUAAAA
       NZ_CP024704.1 2135702 AAAAGCGGUGUA-CUCUACCAUAA-AGUGAGAAUUAAAA 2135738
                             **********87.***9******5.************** PP

>> NZ_AP018537.1  Erysipelotrichaceae bacterium GAM147 DNA, complete genome
 rank     E-value  score  bias mdl mdl from   mdl to       seq from      seq to       acc trunc   gc bands     tau   mx Mb seconds pass cfg mdllen      seqlen
 ----   --------- ------ ----- --- -------- --------    ----------- -----------      ---- ----- ---- ----- ------- ------- ------- ---- --- ------ -----------
  (6) ?   2.3e+02   31.1   0.0  cm        1       39 []      819074      819110 + .. 0.95    no 0.41   hmm   5e-06    0.13    0.00    1 loc     39     2753585

                                                                    NC
                            :::::<<<<________>>>>:::::::::::::::::: CS
  RNAalifold_results      1 AAAgaaGGuGgAuCcCuaCCuUaAAAGUGgGaauUAAAA 39    
                            AAA+ :GGUG  UCCC ACC:U+A AG+GGGA+UUAAAA
       NZ_AP018537.1 819074 AAAAGCGGUGU-UCCCAACCAUUA-AGAGGGAGUUAAAA 819110
                            **********4.69998******5.************** PP

>> NZ_KB913034.1  Allobaculum stercoricanis DSM 13633 AllstDRAFT_scaffold1.1, whole genome shotgun sequence
 rank     E-value  score  bias mdl mdl from   mdl to       seq from      seq to       acc trunc   gc bands     tau   mx Mb seconds pass cfg mdllen      seqlen
 ----   --------- ------ ----- --- -------- --------    ----------- -----------      ---- ----- ---- ----- ------- ------- ------- ---- --- ------ -----------
  (7) ?   2.7e+02   30.9   0.0  cm        1       39 []     1301394     1301429 + .. 0.97    no 0.44   hmm   5e-06    0.12    0.00    1 loc     39     2052877

                                                                     NC
                             :::::<<<<________>>>>:::::::::::::::::: CS
  RNAalifold_results       1 AAAgaaGGuGgAuCcCuaCCuUaAAAGUGgGaauUAAAA 39     
                             AAA+ :GGUG+A CCCUACC:UA  AGUGGGA+ UAAAA
       NZ_KB913034.1 1301394 AAAAGCGGUGAA-CCCUACCAUA--AGUGGGAGCUAAAA 1301429
                             **********87.***9*****6..************** PP

>> NZ_KB913034.1  Allobaculum stercoricanis DSM 13633 AllstDRAFT_scaffold1.1, whole genome shotgun sequence
 rank     E-value  score  bias mdl mdl from   mdl to       seq from      seq to       acc trunc   gc bands     tau   mx Mb seconds pass cfg mdllen      seqlen
 ----   --------- ------ ----- --- -------- --------    ----------- -----------      ---- ----- ---- ----- ------- ------- ------- ---- --- ------ -----------
  (8) ?   2.7e+02   30.9   0.0  cm        1       39 []     1301462     1301497 + .. 0.97    no 0.44   hmm   5e-06    0.12    0.00    1 loc     39     2052877

                                                                     NC
                             :::::<<<<________>>>>:::::::::::::::::: CS
  RNAalifold_results       1 AAAgaaGGuGgAuCcCuaCCuUaAAAGUGgGaauUAAAA 39     
                             AAA+ :GGUG+A CCCUACC:UA  AGUGGGA+ UAAAA
       NZ_KB913034.1 1301462 AAAAGCGGUGAA-CCCUACCAUA--AGUGGGAGCUAAAA 1301497
                             **********87.***9*****6..************** PP

>> NZ_JALU01000020.1  Mogibacterium timidum ATCC 33093 ctg7180000004144, whole genome shotgun sequence
 rank     E-value  score  bias mdl mdl from   mdl to       seq from      seq to       acc trunc   gc bands     tau   mx Mb seconds pass cfg mdllen      seqlen
 ----   --------- ------ ----- --- -------- --------    ----------- -----------      ---- ----- ---- ----- ------- ------- ------- ---- --- ------ -----------
  (9) ?   2.8e+02   30.8   0.0  cm        1       39 []       76646       76681 + .. 0.97    no 0.44   hmm   5e-06    0.12    0.00    1 loc     39       76843

                                                                   NC
                           :::::<<<<________>>>>:::::::::::::::::: CS
  RNAalifold_results     1 AAAgaaGGuGgAuCcCuaCCuUaAAAGUGgGaauUAAAA 39   
                           AAA+ :GGUG+A CCCUACC:UA  AGUGGGAAU AAAA
   NZ_JALU01000020.1 76646 AAAAGCGGUGAA-CCCUACCGUA--AGUGGGAAUGAAAA 76681
                           **********87.***9*****6..************** PP

>> NZ_NIRQ01000001.1  Fusobacterium nucleatum subsp. polymorphum strain KCOM 1330 (=ChDC F330) F330_1, whole genome shot
 rank     E-value  score  bias mdl mdl from   mdl to       seq from      seq to       acc trunc   gc bands     tau   mx Mb seconds pass cfg mdllen      seqlen
 ----   --------- ------ ----- --- -------- --------    ----------- -----------      ---- ----- ---- ----- ------- ------- ------- ---- --- ------ -----------
 (10) ?   3.1e+02   30.6   0.0  cm        1       39 []        9314        9277 - .. 0.98    no 0.34   hmm   5e-06    0.12    0.00    1 loc     39     2545884

                                                                  NC
                          :::::<<<<________>>>>:::::::::::::::::: CS
  RNAalifold_results    1 AAAgaaGGuGgAuCcCuaCCuUaAAAGUGgGaauUAAAA 39  
                          AAAG+ GGUG A C CUACC UA AAGUG+GAA UAAAA
   NZ_NIRQ01000001.1 9314 AAAGUUGGUGUA-CUCUACCGUAUAAGUGAGAACUAAAA 9277
                          **********87.***9********************** PP

>> NZ_GG657971.1  Fusobacterium gonidiaformans 3-1-5R strain 3_1_5R supercont1.1, whole genome shotgun sequence
 rank     E-value  score  bias mdl mdl from   mdl to       seq from      seq to       acc trunc   gc bands     tau   mx Mb seconds pass cfg mdllen      seqlen
 ----   --------- ------ ----- --- -------- --------    ----------- -----------      ---- ----- ---- ----- ------- ------- ------- ---- --- ------ -----------
 (11) ?   4.3e+02   30.1   0.0  cm        1       39 []       76396       76434 + .. 0.98    no 0.31   hmm   5e-06    0.14    0.00    1 loc     39      965540

                                                                   NC
                           :::::<<<<________>>>>:::::::::::::::::: CS
  RNAalifold_results     1 AAAgaaGGuGgAuCcCuaCCuUaAAAGUGgGaauUAAAA 39   
                           AAA+AAGGUG ++C+CUACCUUAAA G+ GGA+UUA+AA
       NZ_GG657971.1 76396 AAAAAAGGUGUUCCACUACCUUAAAUGAAGGAGUUAUAA 76434
                           **********8799999********************** PP

>> NZ_JH815232.1  Fusobacterium ulcerans ATCC 49185 supercont2.5, whole genome shotgun sequence
 rank     E-value  score  bias mdl mdl from   mdl to       seq from      seq to       acc trunc   gc bands     tau   mx Mb seconds pass cfg mdllen      seqlen
 ----   --------- ------ ----- --- -------- --------    ----------- -----------      ---- ----- ---- ----- ------- ------- ------- ---- --- ------ -----------
 (12) ?   4.5e+02   30.0   0.0  cm        1       39 []      619049      619085 + .. 0.96    no 0.43   hmm   5e-06    0.13    0.00    1 loc     39     1066383

                                                                    NC
                            :::::<<<<________>>>>:::::::::::::::::: CS
  RNAalifold_results      1 AAAgaaGGuGgAuCcCuaCCuUaAAAGUGgGaauUAAAA 39    
                            AAA+ :GGUG A CCCUACC:U A AGUGGGA+UUAAAA
       NZ_JH815232.1 619049 AAAAGCGGUGUA-CCCUACCAUCA-AGUGGGAGUUAAAA 619085
                            **********77.9999******5.************** PP

>> NZ_CP028105.1  Fusobacterium ulcerans strain ATCC 49185 chromosome, complete genome
 rank     E-value  score  bias mdl mdl from   mdl to       seq from      seq to       acc trunc   gc bands     tau   mx Mb seconds pass cfg mdllen      seqlen
 ----   --------- ------ ----- --- -------- --------    ----------- -----------      ---- ----- ---- ----- ------- ------- ------- ---- --- ------ -----------
 (13) ?   4.5e+02   30.0   0.0  cm        1       39 []      432013      431977 - .. 0.96    no 0.43   hmm   5e-06    0.13    0.00    1 loc     39     3537675

                                                                    NC
                            :::::<<<<________>>>>:::::::::::::::::: CS
  RNAalifold_results      1 AAAgaaGGuGgAuCcCuaCCuUaAAAGUGgGaauUAAAA 39    
                            AAA+ :GGUG A CCCUACC:U A AGUGGGA+UUAAAA
       NZ_CP028105.1 432013 AAAAGCGGUGUA-CCCUACCAUCA-AGUGGGAGUUAAAA 431977
                            **********77.9999******5.************** PP

>> NZ_LS483487.1  Fusobacterium ulcerans strain NCTC12112 genome assembly, chromosome: 1
 rank     E-value  score  bias mdl mdl from   mdl to       seq from      seq to       acc trunc   gc bands     tau   mx Mb seconds pass cfg mdllen      seqlen
 ----   --------- ------ ----- --- -------- --------    ----------- -----------      ---- ----- ---- ----- ------- ------- ------- ---- --- ------ -----------
 (14) ?   4.5e+02   30.0   0.0  cm        1       39 []     2420072     2420036 - .. 0.96    no 0.43   hmm   5e-06    0.13    0.00    1 loc     39     3539037

                                                                     NC
                             :::::<<<<________>>>>:::::::::::::::::: CS
  RNAalifold_results       1 AAAgaaGGuGgAuCcCuaCCuUaAAAGUGgGaauUAAAA 39     
                             AAA+ :GGUG A CCCUACC:U A AGUGGGA+UUAAAA
       NZ_LS483487.1 2420072 AAAAGCGGUGUA-CCCUACCAUCA-AGUGGGAGUUAAAA 2420036
                             **********77.9999******5.************** PP

>> NZ_KB894611.1  Anaeromusa acidaminophila DSM 3853 C508DRAFT_scaffold00030.30, whole genome shotgun sequence
 rank     E-value  score  bias mdl mdl from   mdl to       seq from      seq to       acc trunc   gc bands     tau   mx Mb seconds pass cfg mdllen      seqlen
 ----   --------- ------ ----- --- -------- --------    ----------- -----------      ---- ----- ---- ----- ------- ------- ------- ---- --- ------ -----------
 (15) ?   4.6e+02   30.0   0.0  cm        1       39 []        5265        5303 + .. 0.98    no 0.46   hmm   5e-06    0.18    0.00    1 loc     39       36725

                                                                  NC
                          :::::<<<<________>>>>:::::::::::::::::: CS
  RNAalifold_results    1 AAAgaaGGuGgAuCcCuaCCuUaAAAGUGgGaauUAAAA 39  
                          AAAG :GG: +AUCCC :CC:UA AAG+G+GA+ UAAAA
       NZ_KB894611.1 5265 AAAGCCGGGAAAUCCCACCCGUAUAAGAGAGAGCUAAAA 5303
                          **********9999999********************** PP

>> NZ_KB894611.1  Anaeromusa acidaminophila DSM 3853 C508DRAFT_scaffold00030.30, whole genome shotgun sequence
 rank     E-value  score  bias mdl mdl from   mdl to       seq from      seq to       acc trunc   gc bands     tau   mx Mb seconds pass cfg mdllen      seqlen
 ----   --------- ------ ----- --- -------- --------    ----------- -----------      ---- ----- ---- ----- ------- ------- ------- ---- --- ------ -----------
 (16) ?   7.7e+02   29.1   0.0  cm        1       39 []        5341        5379 + .. 0.99    no 0.44   hmm   5e-06    0.18    0.00    1 loc     39       36725

                                                                  NC
                          :::::<<<<________>>>>:::::::::::::::::: CS
  RNAalifold_results    1 AAAgaaGGuGgAuCcCuaCCuUaAAAGUGgGaauUAAAA 39  
                          AAAG :GG: +AUC C :CC:UA AAG+G+GA+ UAAAA
       NZ_KB894611.1 5341 AAAGCCGGGAAAUCUCACCCGUAUAAGAGAGAGCUAAAA 5379
                          **********999***9********************** PP

>> NZ_APBW01000006.1  Glaesserella parasuis 12939 KR4_12939.contig.5, whole genome shotgun sequence
 rank     E-value  score  bias mdl mdl from   mdl to       seq from      seq to       acc trunc   gc bands     tau   mx Mb seconds pass cfg mdllen      seqlen
 ----   --------- ------ ----- --- -------- --------    ----------- -----------      ---- ----- ---- ----- ------- ------- ------- ---- --- ------ -----------
 (17) ?   8.4e+02   28.9   0.0  cm        1       39 []       25834       25871 + .. 0.98    no 0.34   hmm   5e-06    0.16    0.00    1 loc     39       64115

                                                                   NC
                           :::::<<<<________>>>>:::::::::::::::::: CS
  RNAalifold_results     1 AAAgaaGGuGgAuCcCuaCCuUaAAAGUGgGaauUAAAA 39   
                           A A  :GGUG+A C CUACC:U+AAAGUG GA  UAAAA
   NZ_APBW01000006.1 25834 AUAUGUGGUGAA-CGCUACCAUUAAAGUGCGAUAUAAAA 25871
                           **********87.************************** PP

>> NZ_APBW01000006.1  Glaesserella parasuis 12939 KR4_12939.contig.5, whole genome shotgun sequence
 rank     E-value  score  bias mdl mdl from   mdl to       seq from      seq to       acc trunc   gc bands     tau   mx Mb seconds pass cfg mdllen      seqlen
 ----   --------- ------ ----- --- -------- --------    ----------- -----------      ---- ----- ---- ----- ------- ------- ------- ---- --- ------ -----------
 (18) ?   8.4e+02   28.9   0.0  cm        1       39 []       26086       26123 + .. 0.98    no 0.34   hmm   5e-06    0.16    0.00    1 loc     39       64115

                                                                   NC
                           :::::<<<<________>>>>:::::::::::::::::: CS
  RNAalifold_results     1 AAAgaaGGuGgAuCcCuaCCuUaAAAGUGgGaauUAAAA 39   
                           A A  :GGUG+A C CUACC:U+AAAGUG GA  UAAAA
   NZ_APBW01000006.1 26086 AUAUGUGGUGAA-CGCUACCAUUAAAGUGCGAUAUAAAA 26123
                           **********87.************************** PP

>> NZ_APBX01000002.1  Glaesserella parasuis 84-15995 ghpKR6.contig.1, whole genome shotgun sequence
 rank     E-value  score  bias mdl mdl from   mdl to       seq from      seq to       acc trunc   gc bands     tau   mx Mb seconds pass cfg mdllen      seqlen
 ----   --------- ------ ----- --- -------- --------    ----------- -----------      ---- ----- ---- ----- ------- ------- ------- ---- --- ------ -----------
 (19) ?   8.4e+02   28.9   0.0  cm        1       39 []       22239       22276 + .. 0.98    no 0.34   hmm   5e-06    0.16    0.00    1 loc     39       64518

                                                                   NC
                           :::::<<<<________>>>>:::::::::::::::::: CS
  RNAalifold_results     1 AAAgaaGGuGgAuCcCuaCCuUaAAAGUGgGaauUAAAA 39   
                           A A  :GGUG+A C CUACC:U+AAAGUG GA  UAAAA
   NZ_APBX01000002.1 22239 AUAUGUGGUGAA-CGCUACCAUUAAAGUGCGAUAUAAAA 22276
                           **********87.************************** PP

>> NZ_AZQU01000045.1  Glaesserella parasuis 84-17975 contig045, whole genome shotgun sequence
 rank     E-value  score  bias mdl mdl from   mdl to       seq from      seq to       acc trunc   gc bands     tau   mx Mb seconds pass cfg mdllen      seqlen
 ----   --------- ------ ----- --- -------- --------    ----------- -----------      ---- ----- ---- ----- ------- ------- ------- ---- --- ------ -----------
 (20) ?   8.4e+02   28.9   0.0  cm        1       39 []       21628       21665 + .. 0.98    no 0.34   hmm   5e-06    0.16    0.00    1 loc     39       35202

                                                                   NC
                           :::::<<<<________>>>>:::::::::::::::::: CS
  RNAalifold_results     1 AAAgaaGGuGgAuCcCuaCCuUaAAAGUGgGaauUAAAA 39   
                           A A  :GGUG+A C CUACC:U+AAAGUG GA  UAAAA
   NZ_AZQU01000045.1 21628 AUAUGUGGUGAA-CGCUACCAUUAAAGUGCGAUAUAAAA 21665
                           **********87.************************** PP

>> NZ_APBZ01000010.1  Glaesserella parasuis D74 ghpKR8.contig.9, whole genome shotgun sequence
 rank     E-value  score  bias mdl mdl from   mdl to       seq from      seq to       acc trunc   gc bands     tau   mx Mb seconds pass cfg mdllen      seqlen
 ----   --------- ------ ----- --- -------- --------    ----------- -----------      ---- ----- ---- ----- ------- ------- ------- ---- --- ------ -----------
 (21) ?   8.4e+02   28.9   0.0  cm        1       39 []      107290      107327 + .. 0.98    no 0.34   hmm   5e-06    0.16    0.00    1 loc     39      145198

                                                                    NC
                            :::::<<<<________>>>>:::::::::::::::::: CS
  RNAalifold_results      1 AAAgaaGGuGgAuCcCuaCCuUaAAAGUGgGaauUAAAA 39    
                            A A  :GGUG+A C CUACC:U+AAAGUG GA  UAAAA
   NZ_APBZ01000010.1 107290 AUAUGUGGUGAA-CGCUACCAUUAAAGUGCGAUAUAAAA 107327
                            **********87.************************** PP

>> NZ_APBZ01000010.1  Glaesserella parasuis D74 ghpKR8.contig.9, whole genome shotgun sequence
 rank     E-value  score  bias mdl mdl from   mdl to       seq from      seq to       acc trunc   gc bands     tau   mx Mb seconds pass cfg mdllen      seqlen
 ----   --------- ------ ----- --- -------- --------    ----------- -----------      ---- ----- ---- ----- ------- ------- ------- ---- --- ------ -----------
 (22) ?   8.4e+02   28.9   0.0  cm        1       39 []      107648      107685 + .. 0.98    no 0.34   hmm   5e-06    0.16    0.00    1 loc     39      145198

                                                                    NC
                            :::::<<<<________>>>>:::::::::::::::::: CS
  RNAalifold_results      1 AAAgaaGGuGgAuCcCuaCCuUaAAAGUGgGaauUAAAA 39    
                            A A  :GGUG+A C CUACC:U+AAAGUG GA  UAAAA
   NZ_APBZ01000010.1 107648 AUAUGUGGUGAA-CGCUACCAUUAAAGUGCGAUAUAAAA 107685
                            **********87.************************** PP

>> NZ_AOSU01000002.1  Glaesserella parasuis gx033 Scaffold1_3, whole genome shotgun sequence
 rank     E-value  score  bias mdl mdl from   mdl to       seq from      seq to       acc trunc   gc bands     tau   mx Mb seconds pass cfg mdllen      seqlen
 ----   --------- ------ ----- --- -------- --------    ----------- -----------      ---- ----- ---- ----- ------- ------- ------- ---- --- ------ -----------
 (23) ?   8.4e+02   28.9   0.0  cm        1       39 []       13917       13880 - .. 0.98    no 0.34   hmm   5e-06    0.16    0.00    1 loc     39       36109

                                                                   NC
                           :::::<<<<________>>>>:::::::::::::::::: CS
  RNAalifold_results     1 AAAgaaGGuGgAuCcCuaCCuUaAAAGUGgGaauUAAAA 39   
                           A A  :GGUG+A C CUACC:U+AAAGUG GA  UAAAA
   NZ_AOSU01000002.1 13917 AUAUGUGGUGAA-CGCUACCAUUAAAGUGCGAUAUAAAA 13880
                           **********87.************************** PP

>> NZ_APBY01000011.1  Glaesserella parasuis H465 KR7_PE.contig.10, whole genome shotgun sequence
 rank     E-value  score  bias mdl mdl from   mdl to       seq from      seq to       acc trunc   gc bands     tau   mx Mb seconds pass cfg mdllen      seqlen
 ----   --------- ------ ----- --- -------- --------    ----------- -----------      ---- ----- ---- ----- ------- ------- ------- ---- --- ------ -----------
 (24) ?   8.4e+02   28.9   0.0  cm        1       39 []       90498       90535 + .. 0.98    no 0.34   hmm   5e-06    0.16    0.00    1 loc     39      217864

                                                                   NC
                           :::::<<<<________>>>>:::::::::::::::::: CS
  RNAalifold_results     1 AAAgaaGGuGgAuCcCuaCCuUaAAAGUGgGaauUAAAA 39   
                           A A  :GGUG+A C CUACC:U+AAAGUG GA  UAAAA
   NZ_APBY01000011.1 90498 AUAUGUGGUGAA-CGCUACCAUUAAAGUGCGAUAUAAAA 90535
                           **********87.************************** PP

>> NZ_JDSO01000193.1  Glaesserella parasuis HPS10 contig0196, whole genome shotgun sequence
 rank     E-value  score  bias mdl mdl from   mdl to       seq from      seq to       acc trunc   gc bands     tau   mx Mb seconds pass cfg mdllen      seqlen
 ----   --------- ------ ----- --- -------- --------    ----------- -----------      ---- ----- ---- ----- ------- ------- ------- ---- --- ------ -----------
 (25) ?   8.4e+02   28.9   0.0  cm        1       39 []       36863       36826 - .. 0.98    no 0.34   hmm   5e-06    0.16    0.00    1 loc     39       60189

                                                                   NC
                           :::::<<<<________>>>>:::::::::::::::::: CS
  RNAalifold_results     1 AAAgaaGGuGgAuCcCuaCCuUaAAAGUGgGaauUAAAA 39   
                           A A  :GGUG+A C CUACC:U+AAAGUG GA  UAAAA
   NZ_JDSO01000193.1 36863 AUAUGUGGUGAA-CGCUACCAUUAAAGUGCGAUAUAAAA 36826
                           **********87.************************** PP

>> NZ_JDSP01000234.1  Glaesserella parasuis HPS11 contig0236, whole genome shotgun sequence
 rank     E-value  score  bias mdl mdl from   mdl to       seq from      seq to       acc trunc   gc bands     tau   mx Mb seconds pass cfg mdllen      seqlen
 ----   --------- ------ ----- --- -------- --------    ----------- -----------      ---- ----- ---- ----- ------- ------- ------- ---- --- ------ -----------
 (26) ?   8.4e+02   28.9   0.0  cm        1       39 []        3916        3879 - .. 0.98    no 0.34   hmm   5e-06    0.16    0.00    1 loc     39        3945

                                                                  NC
                          :::::<<<<________>>>>:::::::::::::::::: CS
  RNAalifold_results    1 AAAgaaGGuGgAuCcCuaCCuUaAAAGUGgGaauUAAAA 39  
                          A A  :GGUG+A C CUACC:U+AAAGUG GA  UAAAA
   NZ_JDSP01000234.1 3916 AUAUGUGGUGAA-CGCUACCAUUAAAGUGCGAUAUAAAA 3879
                          **********87.************************** PP

>> NZ_JDSN01000024.1  Glaesserella parasuis HPS9 contig0024, whole genome shotgun sequence
 rank     E-value  score  bias mdl mdl from   mdl to       seq from      seq to       acc trunc   gc bands     tau   mx Mb seconds pass cfg mdllen      seqlen
 ----   --------- ------ ----- --- -------- --------    ----------- -----------      ---- ----- ---- ----- ------- ------- ------- ---- --- ------ -----------
 (27) ?   8.4e+02   28.9   0.0  cm        1       39 []       37329       37292 - .. 0.98    no 0.34   hmm   5e-06    0.16    0.00    1 loc     39       59046

                                                                   NC
                           :::::<<<<________>>>>:::::::::::::::::: CS
  RNAalifold_results     1 AAAgaaGGuGgAuCcCuaCCuUaAAAGUGgGaauUAAAA 39   
                           A A  :GGUG+A C CUACC:U+AAAGUG GA  UAAAA
   NZ_JDSN01000024.1 37329 AUAUGUGGUGAA-CGCUACCAUUAAAGUGCGAUAUAAAA 37292
                           **********87.************************** PP

>> NZ_APBV01000010.1  Glaesserella parasuis MN-H KuehnKR3.contig.9, whole genome shotgun sequence
 rank     E-value  score  bias mdl mdl from   mdl to       seq from      seq to       acc trunc   gc bands     tau   mx Mb seconds pass cfg mdllen      seqlen
 ----   --------- ------ ----- --- -------- --------    ----------- -----------      ---- ----- ---- ----- ------- ------- ------- ---- --- ------ -----------
 (28) ?   8.4e+02   28.9   0.0  cm        1       39 []       32954       32991 + .. 0.98    no 0.34   hmm   5e-06    0.16    0.00    1 loc     39       71462

                                                                   NC
                           :::::<<<<________>>>>:::::::::::::::::: CS
  RNAalifold_results     1 AAAgaaGGuGgAuCcCuaCCuUaAAAGUGgGaauUAAAA 39   
                           A A  :GGUG+A C CUACC:U+AAAGUG GA  UAAAA
   NZ_APBV01000010.1 32954 AUAUGUGGUGAA-CGCUACCAUUAAAGUGCGAUAUAAAA 32991
                           **********87.************************** PP

>> NC_011852.1  Haemophilus parasuis SH0165, complete genome
 rank     E-value  score  bias mdl mdl from   mdl to       seq from      seq to       acc trunc   gc bands     tau   mx Mb seconds pass cfg mdllen      seqlen
 ----   --------- ------ ----- --- -------- --------    ----------- -----------      ---- ----- ---- ----- ------- ------- ------- ---- --- ------ -----------
 (29) ?   8.4e+02   28.9   0.0  cm        1       39 []      249277      249314 + .. 0.98    no 0.34   hmm   5e-06    0.16    0.00    1 loc     39     2269156

                                                                    NC
                            :::::<<<<________>>>>:::::::::::::::::: CS
  RNAalifold_results      1 AAAgaaGGuGgAuCcCuaCCuUaAAAGUGgGaauUAAAA 39    
                            A A  :GGUG+A C CUACC:U+AAAGUG GA  UAAAA
         NC_011852.1 249277 AUAUGUGGUGAA-CGCUACCAUUAAAGUGCGAUAUAAAA 249314
                            **********87.************************** PP

>> NZ_JJNQ01000141.1  Glaesserella parasuis ST4-1 contig0143, whole genome shotgun sequence
 rank     E-value  score  bias mdl mdl from   mdl to       seq from      seq to       acc trunc   gc bands     tau   mx Mb seconds pass cfg mdllen      seqlen
 ----   --------- ------ ----- --- -------- --------    ----------- -----------      ---- ----- ---- ----- ------- ------- ------- ---- --- ------ -----------
 (30) ?   8.4e+02   28.9   0.0  cm        1       39 []       21651       21688 + .. 0.98    no 0.34   hmm   5e-06    0.16    0.00    1 loc     39       62141

                                                                   NC
                           :::::<<<<________>>>>:::::::::::::::::: CS
  RNAalifold_results     1 AAAgaaGGuGgAuCcCuaCCuUaAAAGUGgGaauUAAAA 39   
                           A A  :GGUG+A C CUACC:U+AAAGUG GA  UAAAA
   NZ_JJNQ01000141.1 21651 AUAUGUGGUGAA-CGCUACCAUUAAAGUGCGAUAUAAAA 21688
                           **********87.************************** PP

>> NZ_JJNR01000207.1  Glaesserella parasuis ST4-2 contig0215, whole genome shotgun sequence
 rank     E-value  score  bias mdl mdl from   mdl to       seq from      seq to       acc trunc   gc bands     tau   mx Mb seconds pass cfg mdllen      seqlen
 ----   --------- ------ ----- --- -------- --------    ----------- -----------      ---- ----- ---- ----- ------- ------- ------- ---- --- ------ -----------
 (31) ?   8.4e+02   28.9   0.0  cm        1       39 []       21631       21668 + .. 0.98    no 0.34   hmm   5e-06    0.16    0.00    1 loc     39       57151

                                                                   NC
                           :::::<<<<________>>>>:::::::::::::::::: CS
  RNAalifold_results     1 AAAgaaGGuGgAuCcCuaCCuUaAAAGUGgGaauUAAAA 39   
                           A A  :GGUG+A C CUACC:U+AAAGUG GA  UAAAA
   NZ_JJNR01000207.1 21631 AUAUGUGGUGAA-CGCUACCAUUAAAGUGCGAUAUAAAA 21668
                           **********87.************************** PP

>> NZ_MNAL01000009.1  Glaesserella parasuis strain 131 Scaffold9, whole genome shotgun sequence
 rank     E-value  score  bias mdl mdl from   mdl to       seq from      seq to       acc trunc   gc bands     tau   mx Mb seconds pass cfg mdllen      seqlen
 ----   --------- ------ ----- --- -------- --------    ----------- -----------      ---- ----- ---- ----- ------- ------- ------- ---- --- ------ -----------
 (32) ?   8.4e+02   28.9   0.0  cm        1       39 []       37227       37190 - .. 0.98    no 0.34   hmm   5e-06    0.16    0.00    1 loc     39       58020

                                                                   NC
                           :::::<<<<________>>>>:::::::::::::::::: CS
  RNAalifold_results     1 AAAgaaGGuGgAuCcCuaCCuUaAAAGUGgGaauUAAAA 39   
                           A A  :GGUG+A C CUACC:U+AAAGUG GA  UAAAA
   NZ_MNAL01000009.1 37227 AUAUGUGGUGAA-CGCUACCAUUAAAGUGCGAUAUAAAA 37190
                           **********87.************************** PP

>> NZ_MNAV01000011.1  Glaesserella parasuis strain 16 Scaffold11, whole genome shotgun sequence
 rank     E-value  score  bias mdl mdl from   mdl to       seq from      seq to       acc trunc   gc bands     tau   mx Mb seconds pass cfg mdllen      seqlen
 ----   --------- ------ ----- --- -------- --------    ----------- -----------      ---- ----- ---- ----- ------- ------- ------- ---- --- ------ -----------
 (33) ?   8.4e+02   28.9   0.0  cm        1       39 []       36872       36835 - .. 0.98    no 0.34   hmm   5e-06    0.16    0.00    1 loc     39       60918

                                                                   NC
                           :::::<<<<________>>>>:::::::::::::::::: CS
  RNAalifold_results     1 AAAgaaGGuGgAuCcCuaCCuUaAAAGUGgGaauUAAAA 39   
                           A A  :GGUG+A C CUACC:U+AAAGUG GA  UAAAA
   NZ_MNAV01000011.1 36872 AUAUGUGGUGAA-CGCUACCAUUAAAGUGCGAUAUAAAA 36835
                           **********87.************************** PP

>> NZ_MUXW01000001.1  Glaesserella parasuis strain CCUG 3712 3712T_ctg_0000001, whole genome shotgun sequence
 rank     E-value  score  bias mdl mdl from   mdl to       seq from      seq to       acc trunc   gc bands     tau   mx Mb seconds pass cfg mdllen      seqlen
 ----   --------- ------ ----- --- -------- --------    ----------- -----------      ---- ----- ---- ----- ------- ------- ------- ---- --- ------ -----------
 (34) ?   8.4e+02   28.9   0.0  cm        1       39 []       74634       74597 - .. 0.98    no 0.34   hmm   5e-06    0.16    0.00    1 loc     39      227933

                                                                   NC
                           :::::<<<<________>>>>:::::::::::::::::: CS
  RNAalifold_results     1 AAAgaaGGuGgAuCcCuaCCuUaAAAGUGgGaauUAAAA 39   
                           A A  :GGUG+A C CUACC:U+AAAGUG GA  UAAAA
   NZ_MUXW01000001.1 74634 AUAUGUGGUGAA-CGCUACCAUUAAAGUGCGAUAUAAAA 74597
                           **********87.************************** PP

>> NZ_CP020085.1  [Haemophilus] parasuis strain CL120103, complete genome
 rank     E-value  score  bias mdl mdl from   mdl to       seq from      seq to       acc trunc   gc bands     tau   mx Mb seconds pass cfg mdllen      seqlen
 ----   --------- ------ ----- --- -------- --------    ----------- -----------      ---- ----- ---- ----- ------- ------- ------- ---- --- ------ -----------
 (35) ?   8.4e+02   28.9   0.0  cm        1       39 []     1375917     1375954 + .. 0.98    no 0.34   hmm   5e-06    0.16    0.00    1 loc     39     2305354

                                                                     NC
                             :::::<<<<________>>>>:::::::::::::::::: CS
  RNAalifold_results       1 AAAgaaGGuGgAuCcCuaCCuUaAAAGUGgGaauUAAAA 39     
                             A A  :GGUG+A C CUACC:U+AAAGUG GA  UAAAA
       NZ_CP020085.1 1375917 AUAUGUGGUGAA-CGCUACCAUUAAAGUGCGAUAUAAAA 1375954
                             **********87.************************** PP

>> NZ_JHQI01000059.1  Glaesserella parasuis strain F9 HS327contig000059, whole genome shotgun sequence
 rank     E-value  score  bias mdl mdl from   mdl to       seq from      seq to       acc trunc   gc bands     tau   mx Mb seconds pass cfg mdllen      seqlen
 ----   --------- ------ ----- --- -------- --------    ----------- -----------      ---- ----- ---- ----- ------- ------- ------- ---- --- ------ -----------
 (36) ?   8.4e+02   28.9   0.0  cm        1       39 []        7075        7112 + .. 0.98    no 0.34   hmm   5e-06    0.16    0.00    1 loc     39       44077

                                                                  NC
                          :::::<<<<________>>>>:::::::::::::::::: CS
  RNAalifold_results    1 AAAgaaGGuGgAuCcCuaCCuUaAAAGUGgGaauUAAAA 39  
                          A A  :GGUG+A C CUACC:U+AAAGUG GA  UAAAA
   NZ_JHQI01000059.1 7075 AUAUGUGGUGAA-CGCUACCAUUAAAGUGCGAUAUAAAA 7112
                          **********87.************************** PP

>> NZ_MNAP01000020.1  Glaesserella parasuis strain H12 Scaffold20, whole genome shotgun sequence
 rank     E-value  score  bias mdl mdl from   mdl to       seq from      seq to       acc trunc   gc bands     tau   mx Mb seconds pass cfg mdllen      seqlen
 ----   --------- ------ ----- --- -------- --------    ----------- -----------      ---- ----- ---- ----- ------- ------- ------- ---- --- ------ -----------
 (37) ?   8.4e+02   28.9   0.0  cm        1       39 []       13578       13541 - .. 0.98    no 0.34   hmm   5e-06    0.16    0.00    1 loc     39       39622

                                                                   NC
                           :::::<<<<________>>>>:::::::::::::::::: CS
  RNAalifold_results     1 AAAgaaGGuGgAuCcCuaCCuUaAAAGUGgGaauUAAAA 39   
                           A A  :GGUG+A C CUACC:U+AAAGUG GA  UAAAA
   NZ_MNAP01000020.1 13578 AUAUGUGGUGAA-CGCUACCAUUAAAGUGCGAUAUAAAA 13541
                           **********87.************************** PP

>> NZ_MNAQ01000021.1  Glaesserella parasuis strain H35 Scaffold21, whole genome shotgun sequence
 rank     E-value  score  bias mdl mdl from   mdl to       seq from      seq to       acc trunc   gc bands     tau   mx Mb seconds pass cfg mdllen      seqlen
 ----   --------- ------ ----- --- -------- --------    ----------- -----------      ---- ----- ---- ----- ------- ------- ------- ---- --- ------ -----------
 (38) ?   8.4e+02   28.9   0.0  cm        1       39 []       13578       13541 - .. 0.98    no 0.34   hmm   5e-06    0.16    0.00    1 loc     39       35305

                                                                   NC
                           :::::<<<<________>>>>:::::::::::::::::: CS
  RNAalifold_results     1 AAAgaaGGuGgAuCcCuaCCuUaAAAGUGgGaauUAAAA 39   
                           A A  :GGUG+A C CUACC:U+AAAGUG GA  UAAAA
   NZ_MNAQ01000021.1 13578 AUAUGUGGUGAA-CGCUACCAUUAAAGUGCGAUAUAAAA 13541
                           **********87.************************** PP

>> NZ_MNAR01000021.1  Glaesserella parasuis strain H36 Scaffold21, whole genome shotgun sequence
 rank     E-value  score  bias mdl mdl from   mdl to       seq from      seq to       acc trunc   gc bands     tau   mx Mb seconds pass cfg mdllen      seqlen
 ----   --------- ------ ----- --- -------- --------    ----------- -----------      ---- ----- ---- ----- ------- ------- ------- ---- --- ------ -----------
 (39) ?   8.4e+02   28.9   0.0  cm        1       39 []       13578       13541 - .. 0.98    no 0.34   hmm   5e-06    0.16    0.00    1 loc     39       35301

                                                                   NC
                           :::::<<<<________>>>>:::::::::::::::::: CS
  RNAalifold_results     1 AAAgaaGGuGgAuCcCuaCCuUaAAAGUGgGaauUAAAA 39   
                           A A  :GGUG+A C CUACC:U+AAAGUG GA  UAAAA
   NZ_MNAR01000021.1 13578 AUAUGUGGUGAA-CGCUACCAUUAAAGUGCGAUAUAAAA 13541
                           **********87.************************** PP

>> NZ_MNAW01000011.1  Glaesserella parasuis strain H38 Scaffold11, whole genome shotgun sequence
 rank     E-value  score  bias mdl mdl from   mdl to       seq from      seq to       acc trunc   gc bands     tau   mx Mb seconds pass cfg mdllen      seqlen
 ----   --------- ------ ----- --- -------- --------    ----------- -----------      ---- ----- ---- ----- ------- ------- ------- ---- --- ------ -----------
 (40) ?   8.4e+02   28.9   0.0  cm        1       39 []       37125       37088 - .. 0.98    no 0.34   hmm   5e-06    0.16    0.00    1 loc     39       60021

                                                                   NC
                           :::::<<<<________>>>>:::::::::::::::::: CS
  RNAalifold_results     1 AAAgaaGGuGgAuCcCuaCCuUaAAAGUGgGaauUAAAA 39   
                           A A  :GGUG+A C CUACC:U+AAAGUG GA  UAAAA
   NZ_MNAW01000011.1 37125 AUAUGUGGUGAA-CGCUACCAUUAAAGUGCGAUAUAAAA 37088
                           **********87.************************** PP

>> NZ_MNAX01000011.1  Glaesserella parasuis strain H39 Scaffold11, whole genome shotgun sequence
 rank     E-value  score  bias mdl mdl from   mdl to       seq from      seq to       acc trunc   gc bands     tau   mx Mb seconds pass cfg mdllen      seqlen
 ----   --------- ------ ----- --- -------- --------    ----------- -----------      ---- ----- ---- ----- ------- ------- ------- ---- --- ------ -----------
 (41) ?   8.4e+02   28.9   0.0  cm        1       39 []       37125       37088 - .. 0.98    no 0.34   hmm   5e-06    0.16    0.00    1 loc     39       59986

                                                                   NC
                           :::::<<<<________>>>>:::::::::::::::::: CS
  RNAalifold_results     1 AAAgaaGGuGgAuCcCuaCCuUaAAAGUGgGaauUAAAA 39   
                           A A  :GGUG+A C CUACC:U+AAAGUG GA  UAAAA
   NZ_MNAX01000011.1 37125 AUAUGUGGUGAA-CGCUACCAUUAAAGUGCGAUAUAAAA 37088
                           **********87.************************** PP

>> NZ_MNAS01000004.1  Glaesserella parasuis strain H47 Scaffold4, whole genome shotgun sequence
 rank     E-value  score  bias mdl mdl from   mdl to       seq from      seq to       acc trunc   gc bands     tau   mx Mb seconds pass cfg mdllen      seqlen
 ----   --------- ------ ----- --- -------- --------    ----------- -----------      ---- ----- ---- ----- ------- ------- ------- ---- --- ------ -----------
 (42) ?   8.4e+02   28.9   0.0  cm        1       39 []       40994       40957 - .. 0.98    no 0.34   hmm   5e-06    0.16    0.00    1 loc     39       62649

                                                                   NC
                           :::::<<<<________>>>>:::::::::::::::::: CS
  RNAalifold_results     1 AAAgaaGGuGgAuCcCuaCCuUaAAAGUGgGaauUAAAA 39   
                           A A  :GGUG+A C CUACC:U+AAAGUG GA  UAAAA
   NZ_MNAS01000004.1 40994 AUAUGUGGUGAA-CGCUACCAUUAAAGUGCGAUAUAAAA 40957
                           **********87.************************** PP

>> NZ_MOLW01000039.1  Glaesserella parasuis strain Hp100/13 Hp100_S43_L001_R1_001__paired__contig_147, whole genome shot
 rank     E-value  score  bias mdl mdl from   mdl to       seq from      seq to       acc trunc   gc bands     tau   mx Mb seconds pass cfg mdllen      seqlen
 ----   --------- ------ ----- --- -------- --------    ----------- -----------      ---- ----- ---- ----- ------- ------- ------- ---- --- ------ -----------
 (43) ?   8.4e+02   28.9   0.0  cm        1       39 []        8990        9027 + .. 0.98    no 0.34   hmm   5e-06    0.16    0.00    1 loc     39       15567

                                                                  NC
                          :::::<<<<________>>>>:::::::::::::::::: CS
  RNAalifold_results    1 AAAgaaGGuGgAuCcCuaCCuUaAAAGUGgGaauUAAAA 39  
                          A A  :GGUG+A C CUACC:U+AAAGUG GA  UAAAA
   NZ_MOLW01000039.1 8990 AUAUGUGGUGAA-CGCUACCAUUAAAGUGCGAUAUAAAA 9027
                          **********87.************************** PP

>> NZ_MNAT01000015.1  Glaesserella parasuis strain HPS4 Scaffold15, whole genome shotgun sequence
 rank     E-value  score  bias mdl mdl from   mdl to       seq from      seq to       acc trunc   gc bands     tau   mx Mb seconds pass cfg mdllen      seqlen
 ----   --------- ------ ----- --- -------- --------    ----------- -----------      ---- ----- ---- ----- ------- ------- ------- ---- --- ------ -----------
 (44) ?   8.4e+02   28.9   0.0  cm        1       39 []       23349       23386 + .. 0.98    no 0.34   hmm   5e-06    0.16    0.00    1 loc     39       60530

                                                                   NC
                           :::::<<<<________>>>>:::::::::::::::::: CS
  RNAalifold_results     1 AAAgaaGGuGgAuCcCuaCCuUaAAAGUGgGaauUAAAA 39   
                           A A  :GGUG+A C CUACC:U+AAAGUG GA  UAAAA
   NZ_MNAT01000015.1 23349 AUAUGUGGUGAA-CGCUACCAUUAAAGUGCGAUAUAAAA 23386
                           **********87.************************** PP

>> NZ_MNAZ01000002.1  Glaesserella parasuis strain HPS6 Scaffold2, whole genome shotgun sequence
 rank     E-value  score  bias mdl mdl from   mdl to       seq from      seq to       acc trunc   gc bands     tau   mx Mb seconds pass cfg mdllen      seqlen
 ----   --------- ------ ----- --- -------- --------    ----------- -----------      ---- ----- ---- ----- ------- ------- ------- ---- --- ------ -----------
 (45) ?   8.4e+02   28.9   0.0  cm        1       39 []       11480       11443 - .. 0.98    no 0.34   hmm   5e-06    0.16    0.00    1 loc     39      159250

                                                                   NC
                           :::::<<<<________>>>>:::::::::::::::::: CS
  RNAalifold_results     1 AAAgaaGGuGgAuCcCuaCCuUaAAAGUGgGaauUAAAA 39   
                           A A  :GGUG+A C CUACC:U+AAAGUG GA  UAAAA
   NZ_MNAZ01000002.1 11480 AUAUGUGGUGAA-CGCUACCAUUAAAGUGCGAUAUAAAA 11443
                           **********87.************************** PP

>> NZ_MNAY01000012.1  Glaesserella parasuis strain K3 Scaffold12, whole genome shotgun sequence
 rank     E-value  score  bias mdl mdl from   mdl to       seq from      seq to       acc trunc   gc bands     tau   mx Mb seconds pass cfg mdllen      seqlen
 ----   --------- ------ ----- --- -------- --------    ----------- -----------      ---- ----- ---- ----- ------- ------- ------- ---- --- ------ -----------
 (46) ?   8.4e+02   28.9   0.0  cm        1       39 []       37113       37076 - .. 0.98    no 0.34   hmm   5e-06    0.16    0.00    1 loc     39       59983

                                                                   NC
                           :::::<<<<________>>>>:::::::::::::::::: CS
  RNAalifold_results     1 AAAgaaGGuGgAuCcCuaCCuUaAAAGUGgGaauUAAAA 39   
                           A A  :GGUG+A C CUACC:U+AAAGUG GA  UAAAA
   NZ_MNAY01000012.1 37113 AUAUGUGGUGAA-CGCUACCAUUAAAGUGCGAUAUAAAA 37076
                           **********87.************************** PP

>> NZ_CP009237.1  [Haemophilus] parasuis strain KL0318 chromosome, complete genome
 rank     E-value  score  bias mdl mdl from   mdl to       seq from      seq to       acc trunc   gc bands     tau   mx Mb seconds pass cfg mdllen      seqlen
 ----   --------- ------ ----- --- -------- --------    ----------- -----------      ---- ----- ---- ----- ------- ------- ------- ---- --- ------ -----------
 (47) ?   8.4e+02   28.9   0.0  cm        1       39 []      471007      470970 - .. 0.98    no 0.34   hmm   5e-06    0.16    0.00    1 loc     39     2280878

                                                                    NC
                            :::::<<<<________>>>>:::::::::::::::::: CS
  RNAalifold_results      1 AAAgaaGGuGgAuCcCuaCCuUaAAAGUGgGaauUAAAA 39    
                            A A  :GGUG+A C CUACC:U+AAAGUG GA  UAAAA
       NZ_CP009237.1 471007 AUAUGUGGUGAA-CGCUACCAUUAAAGUGCGAUAUAAAA 470970
                            **********87.************************** PP

>> NZ_UGHL01000001.1  Glaesserella parasuis strain NCTC4557, whole genome shotgun sequence
 rank     E-value  score  bias mdl mdl from   mdl to       seq from      seq to       acc trunc   gc bands     tau   mx Mb seconds pass cfg mdllen      seqlen
 ----   --------- ------ ----- --- -------- --------    ----------- -----------      ---- ----- ---- ----- ------- ------- ------- ---- --- ------ -----------
 (48) ?   8.4e+02   28.9   0.0  cm        1       39 []     1088200     1088237 + .. 0.98    no 0.34   hmm   5e-06    0.16    0.00    1 loc     39     2443283

                                                                     NC
                             :::::<<<<________>>>>:::::::::::::::::: CS
  RNAalifold_results       1 AAAgaaGGuGgAuCcCuaCCuUaAAAGUGgGaauUAAAA 39     
                             A A  :GGUG+A C CUACC:U+AAAGUG GA  UAAAA
   NZ_UGHL01000001.1 1088200 AUAUGUGGUGAA-CGCUACCAUUAAAGUGCGAUAUAAAA 1088237
                             **********87.************************** PP

>> NZ_CP015099.1  [Haemophilus] parasuis strain SC1401, complete genome
 rank     E-value  score  bias mdl mdl from   mdl to       seq from      seq to       acc trunc   gc bands     tau   mx Mb seconds pass cfg mdllen      seqlen
 ----   --------- ------ ----- --- -------- --------    ----------- -----------      ---- ----- ---- ----- ------- ------- ------- ---- --- ------ -----------
 (49) ?   8.4e+02   28.9   0.0  cm        1       39 []      180826      180789 - .. 0.98    no 0.34   hmm   5e-06    0.16    0.00    1 loc     39     2277540

                                                                    NC
                            :::::<<<<________>>>>:::::::::::::::::: CS
  RNAalifold_results      1 AAAgaaGGuGgAuCcCuaCCuUaAAAGUGgGaauUAAAA 39    
                            A A  :GGUG+A C CUACC:U+AAAGUG GA  UAAAA
       NZ_CP015099.1 180826 AUAUGUGGUGAA-CGCUACCAUUAAAGUGCGAUAUAAAA 180789
                            **********87.************************** PP

>> NZ_CP024412.1  Glaesserella parasuis strain SH0104 chromosome, complete genome
 rank     E-value  score  bias mdl mdl from   mdl to       seq from      seq to       acc trunc   gc bands     tau   mx Mb seconds pass cfg mdllen      seqlen
 ----   --------- ------ ----- --- -------- --------    ----------- -----------      ---- ----- ---- ----- ------- ------- ------- ---- --- ------ -----------
 (50) ?   8.4e+02   28.9   0.0  cm        1       39 []     1179776     1179739 - .. 0.98    no 0.34   hmm   5e-06    0.16    0.00    1 loc     39     2248335

                                                                     NC
                             :::::<<<<________>>>>:::::::::::::::::: CS
  RNAalifold_results       1 AAAgaaGGuGgAuCcCuaCCuUaAAAGUGgGaauUAAAA 39     
                             A A  :GGUG+A C CUACC:U+AAAGUG GA  UAAAA
       NZ_CP024412.1 1179776 AUAUGUGGUGAA-CGCUACCAUUAAAGUGCGAUAUAAAA 1179739
                             **********87.************************** PP

>> NZ_CP009158.1  [Haemophilus] parasuis strain SH03 chromosome, complete genome
 rank     E-value  score  bias mdl mdl from   mdl to       seq from      seq to       acc trunc   gc bands     tau   mx Mb seconds pass cfg mdllen      seqlen
 ----   --------- ------ ----- --- -------- --------    ----------- -----------      ---- ----- ---- ----- ------- ------- ------- ---- --- ------ -----------
 (51) ?   8.4e+02   28.9   0.0  cm        1       39 []      920632      920595 - .. 0.98    no 0.34   hmm   5e-06    0.16    0.00    1 loc     39     2265927

                                                                    NC
                            :::::<<<<________>>>>:::::::::::::::::: CS
  RNAalifold_results      1 AAAgaaGGuGgAuCcCuaCCuUaAAAGUGgGaauUAAAA 39    
                            A A  :GGUG+A C CUACC:U+AAAGUG GA  UAAAA
       NZ_CP009158.1 920632 AUAUGUGGUGAA-CGCUACCAUUAAAGUGCGAUAUAAAA 920595
                            **********87.************************** PP

>> NZ_MNAU01000001.1  Glaesserella parasuis strain YT Scaffold1, whole genome shotgun sequence
 rank     E-value  score  bias mdl mdl from   mdl to       seq from      seq to       acc trunc   gc bands     tau   mx Mb seconds pass cfg mdllen      seqlen
 ----   --------- ------ ----- --- -------- --------    ----------- -----------      ---- ----- ---- ----- ------- ------- ------- ---- --- ------ -----------
 (52) ?   8.4e+02   28.9   0.0  cm        1       39 []       36866       36829 - .. 0.98    no 0.34   hmm   5e-06    0.16    0.00    1 loc     39      184470

                                                                   NC
                           :::::<<<<________>>>>:::::::::::::::::: CS
  RNAalifold_results     1 AAAgaaGGuGgAuCcCuaCCuUaAAAGUGgGaauUAAAA 39   
                           A A  :GGUG+A C CUACC:U+AAAGUG GA  UAAAA
   NZ_MNAU01000001.1 36866 AUAUGUGGUGAA-CGCUACCAUUAAAGUGCGAUAUAAAA 36829
                           **********87.************************** PP

>> NZ_ANKT01000043.1  Glaesserella parasuis str. Nagasaki Contig158, whole genome shotgun sequence
 rank     E-value  score  bias mdl mdl from   mdl to       seq from      seq to       acc trunc   gc bands     tau   mx Mb seconds pass cfg mdllen      seqlen
 ----   --------- ------ ----- --- -------- --------    ----------- -----------      ---- ----- ---- ----- ------- ------- ------- ---- --- ------ -----------
 (53) ?   8.4e+02   28.9   0.0  cm        1       39 []      250974      251011 + .. 0.98    no 0.34   hmm   5e-06    0.16    0.00    1 loc     39      366077

                                                                    NC
                            :::::<<<<________>>>>:::::::::::::::::: CS
  RNAalifold_results      1 AAAgaaGGuGgAuCcCuaCCuUaAAAGUGgGaauUAAAA 39    
                            A A  :GGUG+A C CUACC:U+AAAGUG GA  UAAAA
   NZ_ANKT01000043.1 250974 AUAUGUGGUGAA-CGCUACCAUUAAAGUGCGAUAUAAAA 251011
                            **********87.************************** PP

>> NZ_APBU01000003.1  Glaesserella parasuis SW114 ghpKR2.contig.2, whole genome shotgun sequence
 rank     E-value  score  bias mdl mdl from   mdl to       seq from      seq to       acc trunc   gc bands     tau   mx Mb seconds pass cfg mdllen      seqlen
 ----   --------- ------ ----- --- -------- --------    ----------- -----------      ---- ----- ---- ----- ------- ------- ------- ---- --- ------ -----------
 (54) ?   8.4e+02   28.9   0.0  cm        1       39 []       35603       35640 + .. 0.98    no 0.34   hmm   5e-06    0.16    0.00    1 loc     39       86225

                                                                   NC
                           :::::<<<<________>>>>:::::::::::::::::: CS
  RNAalifold_results     1 AAAgaaGGuGgAuCcCuaCCuUaAAAGUGgGaauUAAAA 39   
                           A A  :GGUG+A C CUACC:U+AAAGUG GA  UAAAA
   NZ_APBU01000003.1 35603 AUAUGUGGUGAA-CGCUACCAUUAAAGUGCGAUAUAAAA 35640
                           **********87.************************** PP

>> NZ_PYLQ01000009.1  Lachnoclostridium sp. SNUG30099 scaffold_8, whole genome shotgun sequence
 rank     E-value  score  bias mdl mdl from   mdl to       seq from      seq to       acc trunc   gc bands     tau   mx Mb seconds pass cfg mdllen      seqlen
 ----   --------- ------ ----- --- -------- --------    ----------- -----------      ---- ----- ---- ----- ------- ------- ------- ---- --- ------ -----------
 (55) ?   8.4e+02   28.9   0.0  cm        1       39 []       43349       43385 + .. 0.95    no 0.41   hmm   5e-06    0.12    0.00    1 loc     39       91348

                                                                   NC
                           :::::<<<<________>>>>:::::::::::::::::: CS
  RNAalifold_results     1 AAAgaaGGuGgAuCcCuaCCuUaAAAGUGgGaauUAAAA 39   
                           AAA+ :GGUG  UCCC ACC:U+A AG+GGGA+U AAAA
   NZ_PYLQ01000009.1 43349 AAAAGCGGUGU-UCCCAACCAUUA-AGAGGGAGUAAAAA 43385
                           **********4.69998******5.************** PP

>> NC_009922.1  Alkaliphilus oremlandii OhILAs, complete genome
 rank     E-value  score  bias mdl mdl from   mdl to       seq from      seq to       acc trunc   gc bands     tau   mx Mb seconds pass cfg mdllen      seqlen
 ----   --------- ------ ----- --- -------- --------    ----------- -----------      ---- ----- ---- ----- ------- ------- ------- ---- --- ------ -----------
 (56) ?   8.5e+02   28.9   0.0  cm        1       39 []     1952893     1952857 - .. 0.96    no 0.43   hmm   5e-06    0.16    0.00    1 loc     39     3123558

                                                                     NC
                             :::::<<<<________>>>>:::::::::::::::::: CS
  RNAalifold_results       1 AAAgaaGGuGgAuCcCuaCCuUaAAAGUGgGaauUAAAA 39     
                             AA + :GGUG A CCCUACC:U+A AGUGGGA+UUAAAA
         NC_009922.1 1952893 AACAGCGGUGUA-CCCUACCAUUA-AGUGGGAGUUAAAA 1952857
                             **********77.9999******5.************** PP

>> NZ_CP009126.1  Pectobacterium atrosepticum strain 21A plasmid pPA21A, complete sequence
 rank     E-value  score  bias mdl mdl from   mdl to       seq from      seq to       acc trunc   gc bands     tau   mx Mb seconds pass cfg mdllen      seqlen
 ----   --------- ------ ----- --- -------- --------    ----------- -----------      ---- ----- ---- ----- ------- ------- ------- ---- --- ------ -----------
 (57) ?   9.4e+02   28.7   0.0  cm        1       39 []       29944       29907 - .. 0.97    no 0.45   hmm   5e-06    0.13    0.00    1 loc     39       32444

                                                                   NC
                           :::::<<<<________>>>>:::::::::::::::::: CS
  RNAalifold_results     1 AAAgaaGGuGgAuCcCuaCCuUaAAAGUGgGaauUAAAA 39   
                           AAA  AGGUG++UC CUACCUU+A AGUG G++ + AAA
       NZ_CP009126.1 29944 AAAUCAGGUGAUUCGCUACCUUUA-AGUGCGGGACGAAA 29907
                           **********879***9******5.************** PP



Hit alignment statistics summary:
---------------------------------
                                      matrix size (Mb)             alignment time (secs)       
                                  -------------------------  ----------------------------------
category                  # alns  minimum  average  maximum  minimum  average  maximum    total  ntaumod  novrflw
---------------------  ---------  -------  -------  -------  -------  -------  -------  -------  -------  -------
reported                      57     0.12     0.15     0.18     0.00     0.00     0.00     0.11        0        0
included                       0        -        -        -        -        -        -        -        -        -
removed duplicates             9     0.12     0.13     0.18     0.00     0.00     0.00     0.01        0        0
all (except HMM only)         66     0.12     0.15     0.18     0.00     0.00     0.00     0.12        0        0
HMM only                       0        -        -        -        -        -        -        -        -        -


Internal CM pipeline statistics summary: (full sequences)
----------------------------------------
Query model(s):                                                  1  (39 consensus positions)
Target sequences:                                          9855780  (739763817440 residues searched)
Windows   passing  local HMM SSV           filter:       721812724  (0.06072); expected (0.06)
Windows   passing  local HMM Viterbi       filter:        81302741  (0.006948); expected (0.02)
Windows   passing  local HMM Viterbi  bias filter:        59329670  (0.005052); expected (0.02)
Windows   passing  local HMM Forward       filter:          410160  (3.855e-05); expected (0.0002)
Windows   passing  local HMM Forward  bias filter:          260546  (2.462e-05); expected (0.0002)
Windows   passing glocal HMM Forward       filter:          227544  (2.211e-05); expected (0.0002)
Windows   passing glocal HMM Forward  bias filter:          222906  (2.161e-05); expected (0.0002)
Envelopes passing glocal HMM envelope defn filter:          208823  (1.163e-05); expected (0.0002)
Envelopes passing  local CM  CYK           filter:          149889  (8.126e-06); expected (0.0001)
Total       non-truncated CM hits reported:                     57  (2.913e-09)

CYK    filter stage scan matrix overflows:                       0  (0)
Inside final  stage scan matrix overflows:                       0  (0)

Internal CM pipeline statistics summary: (5' terminal sequence regions)
----------------------------------------
Query model(s):                                                  1  (39 consensus positions)
Target sequences re-searched for truncated hits:           9855780  (1044709976 residues re-searched)
Windows   passing  local HMM SSV           filter:           10549  (0.0004245); expected (0.06)
Windows   passing  local HMM Viterbi       filter:            3156  (0.0001118); expected (0.02)
Windows   passing  local HMM Viterbi  bias filter:            2702  (9.459e-05); expected (0.02)
Windows   passing  local HMM Forward       filter:             304  (1.419e-05); expected (0.0002)
Windows   passing  local HMM Forward  bias filter:             290  (1.351e-05); expected (0.0002)
Windows   passing glocal HMM Forward       filter:             131  (5.751e-06); expected (0.0002)
Windows   passing glocal HMM Forward  bias filter:             131  (5.751e-06); expected (0.0002)
Envelopes passing glocal HMM envelope defn filter:             126  (4.223e-06); expected (0.0002)
Envelopes passing  local CM  CYK           filter:             106  (3.514e-06); expected (0.0001)
Total        5' truncated CM hits reported:                      0  (0)

CYK    filter stage scan matrix overflows:                       0  (0)
Inside final  stage scan matrix overflows:                       0  (0)

Internal CM pipeline statistics summary: (3' terminal sequence regions)
----------------------------------------
Query model(s):                                                  1  (39 consensus positions)
Target sequences re-searched for truncated hits:           9855780  (1044709976 residues re-searched)
Windows   passing  local HMM SSV           filter:            7918  (0.0003369); expected (0.06)
Windows   passing  local HMM Viterbi       filter:            1865  (7.656e-05); expected (0.02)
Windows   passing  local HMM Viterbi  bias filter:            1285  (5.332e-05); expected (0.02)
Windows   passing  local HMM Forward       filter:             220  (1.034e-05); expected (0.0002)
Windows   passing  local HMM Forward  bias filter:             194  (9.121e-06); expected (0.0002)
Windows   passing glocal HMM Forward       filter:              76  (3.493e-06); expected (0.0002)
Windows   passing glocal HMM Forward  bias filter:              76  (3.493e-06); expected (0.0002)
Envelopes passing glocal HMM envelope defn filter:              73  (2.562e-06); expected (0.0002)
Envelopes passing  local CM  CYK           filter:              42  (1.473e-06); expected (0.0001)
Total        3' truncated CM hits reported:                      0  (0)

CYK    filter stage scan matrix overflows:                       0  (0)
Inside final  stage scan matrix overflows:                       0  (0)

Internal CM pipeline statistics summary: (full sequences short enough to contain a 5' and 3' truncated hit)
----------------------------------------
Query model(s):                                                  1  (39 consensus positions)
Target sequences re-searched for truncated hits:                90  (6836 residues re-searched)
Windows   passing  local HMM SSV           filter:               0  (0); expected (0.06)
Windows   passing  local HMM Viterbi       filter:               0  (0); expected (0.02)
Windows   passing  local HMM Viterbi  bias filter:               0  (0); expected (0.02)
Windows   passing  local HMM Forward       filter:               0  (0); expected (0.0002)
Windows   passing  local HMM Forward  bias filter:               0  (0); expected (0.0002)
Windows   passing glocal HMM Forward       filter:               0  (0); expected (0.0002)
Windows   passing glocal HMM Forward  bias filter:               0  (0); expected (0.0002)
Envelopes passing glocal HMM envelope defn filter:               0  (0); expected (0.0002)
Envelopes passing  local CM  CYK           filter:               0  (0); expected (0.0001)
Total 5' and 3' truncated CM hits reported:                      0  (0)

CYK    filter stage scan matrix overflows:                       0  (0)
Inside final  stage scan matrix overflows:                       0  (0)

Internal CM pipeline statistics summary: (standard and truncated passes)
----------------------------------------
Query model(s):                                                  1  (39 consensus positions)
Target sequences:                                          9855780  (739763817440 residues searched)
Target sequences re-searched for truncated hits:           9855780  (2089426788 residues re-searched)
Windows   passing  local HMM SSV           filter:       721831191  (0.06055); expected (0.06)
Windows   passing  local HMM Viterbi       filter:        81307762  (0.006929); expected (0.02)
Windows   passing  local HMM Viterbi  bias filter:        59333657  (0.005038); expected (0.02)
Windows   passing  local HMM Forward       filter:          410684  (3.848e-05); expected (0.0002)
Windows   passing  local HMM Forward  bias filter:          261030  (2.459e-05); expected (0.0002)
Windows   passing glocal HMM Forward       filter:          227751  (2.206e-05); expected (0.0002)
Windows   passing glocal HMM Forward  bias filter:          223113  (2.156e-05); expected (0.0002)
Envelopes passing glocal HMM envelope defn filter:          209022  (1.16e-05); expected (0.0002)
Envelopes passing  local CM  CYK           filter:          150037  (8.11e-06); expected (0.0001)
Total CM hits reported:                                         57  (2.905e-09); includes 0 truncated hit(s)

CYK    filter stage scan matrix overflows:                       0  (0)
Inside final  stage scan matrix overflows:                       0  (0)

# CPU time: 17354.83u 854.94s 05:03:29.77 Elapsed: 00:54:55.52
# No hits satisfy inclusion thresholds; no alignment saved
//
[ok]
