22 sequence; length of alignment 46
alifold output
    8    22  0  99.9%   0.007 GC:21   AU:1   
    7    23  1  99.8%   0.008 CG:1    GC:16   UG:1    AU:3   
    9    21  1  99.1%   0.031 CG:1    GC:4    UG:2    UA:14  
    6    24  8  78.8%   0.566 CG:2    GU:2    UG:1    AU:7    UA:1    --:1   
   16    35  3   0.0%   0.014 CG:11   GC:1    UG:1    UA:3    --:3    +
   33    39  4   0.2%   0.041 GC:4    GU:9    AU:3    --:2    +
    8    15  3   0.0%   0.000 GC:7    GU:5    AU:1    --:6    +
    8    39  3   0.0%   0.004 GC:6    GU:12   AU:1    +
   17    34  5   0.0%   0.009 CG:6    GC:5    AU:1    UA:3    --:2    +
   24    32  6   0.0%   0.196 GC:2    GU:2    AU:5    UA:6    --:1    +
   34    38  9   0.1%   0.020 CG:1    GC:2    GU:5    AU:2    UA:1    --:2    +
   10    39  6   0.0%   0.008 GC:4    GU:9    UG:1    AU:2    +
   32    40  7   0.1%   0.030 UG:3    AU:2    UA:8    --:2    +
   25    31  6   0.0%   0.013 CG:2    UG:13   UA:1    +
    9    38 10   0.0%   0.013 CG:1    GC:2    GU:2    UG:4    UA:3    +
    9    17  9   0.0%   0.009 GC:3    GU:1    UG:5    UA:4    +
   23    33  6   0.0%   0.004 CG:9    GU:1    UG:4    --:2    +
   10    23  6   0.0%   0.010 GC:13   GU:2    AU:1    +
   24    37  9   0.0%   0.194 GC:2    UG:8    AU:1    UA:2    +
   23    34  9   0.0%   0.004 CG:6    GU:1    UG:2    UA:2    --:2    +
    7    18  7   0.0%   0.001 GC:13   GU:1    UA:1    +
    8    18  5   0.0%   0.009 GC:16   GU:1    +
    2    24  8   0.0%   0.006 UG:1    AU:8    UA:2    --:3    +
   10    16  9   0.1%   0.025 GC:10   GU:3    +
    1    25  7   0.1%   0.015 AU:14   UA:1    +
   18    33  6   0.0%   0.009 CG:13   AU:1    --:2    +
    9    24  9   0.0%   0.203 GU:4    UG:3    UA:6    +
    8    25  6   0.0%   0.009 GC:2    GU:14   +
    8    17 11   0.0%   0.000 GC:8    GU:2    AU:1    +
   22    35  7   0.0%   0.003 CG:11   UG:1    --:3    +
    7    19  9   0.0%   0.008 GC:6    GU:5    --:2    +
    7    16  8   0.0%   0.000 GC:11   GU:3    +
   25    36  9   0.0%   0.012 UG:4    UA:8    --:1    +
    9    40 10   0.0%   0.013 UG:1    UA:10   --:1    +
.....((((...........))))......................
