22 sequence; length of alignment 46
alifold output
   10    16  9  53.5%   1.007 GC:10   GU:3    +
    9    17  9  52.0%   1.021 GC:3    GU:1    UG:5    UA:4    +
   16    35  3  46.8%   1.404 CG:11   GC:1    UG:1    UA:3    --:3   
   17    34  5  46.8%   1.407 CG:6    GC:5    AU:1    UA:3    --:2   
   18    33  6  45.8%   1.437 CG:13   AU:1    --:2   
    8    18  5  43.2%   1.095 GC:16   GU:1    +
    7    19  9  37.1%   1.108 GC:6    GU:5    --:2    +
    7    23  1   9.2%   1.029 CG:1    GC:16   UG:1    AU:3    +
    8    22  0   8.7%   1.006 GC:21   AU:1    +
    6    24  8   7.3%   0.582 CG:2    GU:2    UG:1    AU:7    UA:1    --:1    +
   10    39  6   0.6%   0.448 GC:4    GU:9    UG:1    AU:2    +
    8    39  3   0.4%   0.653 GC:6    GU:12   AU:1    +
   24    32  6   0.5%   0.283 GC:2    GU:2    AU:5    UA:6    --:1    +
    8    15  3   0.1%   0.013 GC:7    GU:5    AU:1    --:6    +
   25    31  6   0.4%   0.072 CG:2    UG:13   UA:1    +
   23    33  6   0.4%   0.637 CG:9    GU:1    UG:4    --:2    +
    9    38 10   0.3%   0.408 CG:1    GC:2    GU:2    UG:4    UA:3    +
   33    39  4   0.1%   0.455 GC:4    GU:9    AU:3    --:2    +
    7    39  6   0.1%   0.610 CG:1    GC:3    GU:11   AU:1    +
   23    34  9   0.2%   0.626 CG:6    GU:1    UG:2    UA:2    --:2    +
    9    40 10   0.4%   0.425 UG:1    UA:10   --:1    +
   34    38  9   0.0%   0.401 CG:1    GC:2    GU:5    AU:2    UA:1    --:2    +
    2    24  8   0.2%   0.033 UG:1    AU:8    UA:2    --:3    +
    7    25  7   0.0%   0.603 GC:2    GU:10   AU:2    UA:1    +
   32    40  7   0.1%   0.064 UG:3    AU:2    UA:8    --:2    +
    1    25  7   0.2%   0.034 AU:14   UA:1    +
   22    35  7   0.2%   0.600 CG:11   UG:1    --:3    +
   24    37  9   0.0%   0.236 GC:2    UG:8    AU:1    UA:2    +
    8    38  9   0.1%   0.600 GC:4    GU:8    AU:1    +
    9    37  8   0.1%   0.353 GC:1    UG:7    UA:6    +
    7    18  7   0.0%   0.007 GC:13   GU:1    UA:1    +
    8    17 11   0.0%   0.008 GC:8    GU:2    AU:1    +
    7    16  8   0.0%   0.007 GC:11   GU:3    +
   25    36  9   0.0%   0.036 UG:4    UA:8    --:1    +
...............(((..............)))...........
