# cmsearch :: search CM(s) against a sequence database
# INFERNAL 1.1.3 (Nov 2019)
# Copyright (C) 2019 Howard Hughes Medical Institute.
# Freely distributed under the BSD open source license.
# - - - - - - - - - - - - - - - - - - - - - - - - - - - - - - - - - - - -
# query CM file:                         toxirfam+lit1_model.cm
# target sequence database:              ../all_genomes.fna
# database size is set to:               549862.6 Mb
# output directed to file:               toxirfamlit1_cmsearch.out
# MSA of significant hits saved to file: toxirfamlit1_cmsearch_msa.fa
# tabular output of hits:                toxirfamlit1_cmsearch_hits.txt
# verbose output mode:                   on
# sequence reporting threshold:          E-value <= 1000
# HMM-only mode for 0 basepair models:   no
# number of worker threads:              16 [--cpu]
# - - - - - - - - - - - - - - - - - - - - - - - - - - - - - - - - - - - -

Query:       result  [CLEN=38]
Hit scores:
 rank     E-value  score  bias  sequence  start    end   mdl trunc   gc  description
 ----   --------- ------ -----  -------- ------ ------   --- ----- ----  -----------

   [No hits detected that satisfy reporting thresholds]


Hit alignments:

   [No hits detected that satisfy reporting thresholds]


Hit alignment statistics summary:
---------------------------------

   [No hits detected]


Internal CM pipeline statistics summary: (full sequences)
----------------------------------------
Query model(s):                                                  1  (38 consensus positions)
Target sequences:                                          9855780  (739763817440 residues searched)
Windows   passing  local HMM SSV           filter:       789330992  (0.0686); expected (0.06)
Windows   passing  local HMM Viterbi       filter:        85518708  (0.007571); expected (0.02)
Windows   passing  local HMM Viterbi  bias filter:        56285982  (0.004935); expected (0.02)
Windows   passing  local HMM Forward       filter:          143655  (1.605e-05); expected (0.0002)
Windows   passing  local HMM Forward  bias filter:           59676  (6.814e-06); expected (0.0002)
Windows   passing glocal HMM Forward       filter:           53108  (6.34e-06); expected (0.0002)
Windows   passing glocal HMM Forward  bias filter:           50884  (6.102e-06); expected (0.0002)
Envelopes passing glocal HMM envelope defn filter:           40991  (2.227e-06); expected (0.0002)
Envelopes passing  local CM  CYK           filter:           30425  (1.587e-06); expected (0.0001)
Total       non-truncated CM hits reported:                      0  (0)

CYK    filter stage scan matrix overflows:                       0  (0)
Inside final  stage scan matrix overflows:                       0  (0)

Internal CM pipeline statistics summary: (5' terminal sequence regions)
----------------------------------------
Query model(s):                                                  1  (38 consensus positions)
Target sequences re-searched for truncated hits:           9855780  (1162977582 residues re-searched)
Windows   passing  local HMM SSV           filter:            2323  (9.6e-05); expected (0.06)
Windows   passing  local HMM Viterbi       filter:             727  (3.022e-05); expected (0.02)
Windows   passing  local HMM Viterbi  bias filter:             628  (2.636e-05); expected (0.02)
Windows   passing  local HMM Forward       filter:              50  (2.37e-06); expected (0.0002)
Windows   passing  local HMM Forward  bias filter:              40  (1.862e-06); expected (0.0002)
Windows   passing glocal HMM Forward       filter:              18  (8.685e-07); expected (0.0002)
Windows   passing glocal HMM Forward  bias filter:              18  (8.685e-07); expected (0.0002)
Envelopes passing glocal HMM envelope defn filter:              12  (3.844e-07); expected (0.0002)
Envelopes passing  local CM  CYK           filter:               3  (1.006e-07); expected (0.0001)
Total        5' truncated CM hits reported:                      0  (0)

CYK    filter stage scan matrix overflows:                       0  (0)
Inside final  stage scan matrix overflows:                       0  (0)

Internal CM pipeline statistics summary: (3' terminal sequence regions)
----------------------------------------
Query model(s):                                                  1  (38 consensus positions)
Target sequences re-searched for truncated hits:           9855780  (1162977582 residues re-searched)
Windows   passing  local HMM SSV           filter:            2464  (0.0001018); expected (0.06)
Windows   passing  local HMM Viterbi       filter:             824  (3.395e-05); expected (0.02)
Windows   passing  local HMM Viterbi  bias filter:             670  (2.795e-05); expected (0.02)
Windows   passing  local HMM Forward       filter:              55  (2.532e-06); expected (0.0002)
Windows   passing  local HMM Forward  bias filter:              47  (2.172e-06); expected (0.0002)
Windows   passing glocal HMM Forward       filter:              16  (7.171e-07); expected (0.0002)
Windows   passing glocal HMM Forward  bias filter:              16  (7.171e-07); expected (0.0002)
Envelopes passing glocal HMM envelope defn filter:              14  (4.179e-07); expected (0.0002)
Envelopes passing  local CM  CYK           filter:               3  (8.255e-08); expected (0.0001)
Total        3' truncated CM hits reported:                      0  (0)

CYK    filter stage scan matrix overflows:                       0  (0)
Inside final  stage scan matrix overflows:                       0  (0)

Internal CM pipeline statistics summary: (full sequences short enough to contain a 5' and 3' truncated hit)
----------------------------------------
Query model(s):                                                  1  (38 consensus positions)
Target sequences re-searched for truncated hits:               218  (21266 residues re-searched)
Windows   passing  local HMM SSV           filter:               0  (0); expected (0.06)
Windows   passing  local HMM Viterbi       filter:               0  (0); expected (0.02)
Windows   passing  local HMM Viterbi  bias filter:               0  (0); expected (0.02)
Windows   passing  local HMM Forward       filter:               0  (0); expected (0.0002)
Windows   passing  local HMM Forward  bias filter:               0  (0); expected (0.0002)
Windows   passing glocal HMM Forward       filter:               0  (0); expected (0.0002)
Windows   passing glocal HMM Forward  bias filter:               0  (0); expected (0.0002)
Envelopes passing glocal HMM envelope defn filter:               0  (0); expected (0.0002)
Envelopes passing  local CM  CYK           filter:               0  (0); expected (0.0001)
Total 5' and 3' truncated CM hits reported:                      0  (0)

CYK    filter stage scan matrix overflows:                       0  (0)
Inside final  stage scan matrix overflows:                       0  (0)

Internal CM pipeline statistics summary: (standard and truncated passes)
----------------------------------------
Query model(s):                                                  1  (38 consensus positions)
Target sequences:                                          9855780  (739763817440 residues searched)
Target sequences re-searched for truncated hits:           9855780  (2325976430 residues re-searched)
Windows   passing  local HMM SSV           filter:       789335779  (0.06838); expected (0.06)
Windows   passing  local HMM Viterbi       filter:        85520259  (0.007548); expected (0.02)
Windows   passing  local HMM Viterbi  bias filter:        56287280  (0.004919); expected (0.02)
Windows   passing  local HMM Forward       filter:          143760  (1.601e-05); expected (0.0002)
Windows   passing  local HMM Forward  bias filter:           59763  (6.799e-06); expected (0.0002)
Windows   passing glocal HMM Forward       filter:           53142  (6.323e-06); expected (0.0002)
Windows   passing glocal HMM Forward  bias filter:           50918  (6.085e-06); expected (0.0002)
Envelopes passing glocal HMM envelope defn filter:           41017  (2.222e-06); expected (0.0002)
Envelopes passing  local CM  CYK           filter:           30431  (1.583e-06); expected (0.0001)
Total CM hits reported:                                          0  (0); includes 0 truncated hit(s)

CYK    filter stage scan matrix overflows:                       0  (0)
Inside final  stage scan matrix overflows:                       0  (0)

# CPU time: 16910.20u 660.86s 04:52:51.06 Elapsed: 00:52:45.80
# No hits satisfy inclusion thresholds; no alignment saved
//
[ok]
