# cmsearch :: search CM(s) against a sequence database
# INFERNAL 1.1.3 (Nov 2019)
# Copyright (C) 2019 Howard Hughes Medical Institute.
# Freely distributed under the BSD open source license.
# - - - - - - - - - - - - - - - - - - - - - - - - - - - - - - - - - - - -
# query CM file:                         toxirfam+lit1_model.cm
# target sequence database:              ../../all_genomes.fna
# output directed to file:               toxirfamlit1_cmsearch.out
# MSA of significant hits saved to file: toxirfamlit1_cmsearch_msa.fa
# tabular output of hits:                toxirfamlit1_cmsearch_hits.txt
# number of worker threads:              16 [--cpu]
# - - - - - - - - - - - - - - - - - - - - - - - - - - - - - - - - - - - -

Query:       result  [CLEN=37]
Hit scores:
 rank     E-value  score  bias  sequence  start    end   mdl trunc   gc  description
 ----   --------- ------ -----  -------- ------ ------   --- ----- ----  -----------

   [No hits detected that satisfy reporting thresholds]


Hit alignments:

   [No hits detected that satisfy reporting thresholds]


Internal CM pipeline statistics summary:
----------------------------------------
Query model(s):                                                  1  (37 consensus positions)
Target sequences:                                          9855780  (739763817440 residues searched)
Target sequences re-searched for truncated hits:           9855780  (2444249214 residues re-searched)
Windows   passing  local HMM SSV           filter:       667979472  (0.06106); expected (0.06)
Windows   passing  local HMM Viterbi       filter:        88299426  (0.008005); expected (0.02)
Windows   passing  local HMM Viterbi  bias filter:        77974617  (0.007048); expected (0.02)
Windows   passing  local HMM Forward       filter:          386569  (3.675e-05); expected (0.0002)
Windows   passing  local HMM Forward  bias filter:          305494  (2.916e-05); expected (0.0002)
Windows   passing glocal HMM Forward       filter:          256815  (2.416e-05); expected (0.0002)
Windows   passing glocal HMM Forward  bias filter:          255175  (2.401e-05); expected (0.0002)
Envelopes passing glocal HMM envelope defn filter:          244482  (1.334e-05); expected (0.0002)
Envelopes passing  local CM  CYK           filter:          190180  (1.012e-05); expected (0.0001)
Total CM hits reported:                                          0  (0); includes 0 truncated hit(s)

# CPU time: 16303.08u 579.70s 04:41:22.78 Elapsed: 00:50:19.00
# No hits satisfy inclusion thresholds; no alignment saved
//
[ok]
