# cmsearch :: search CM(s) against a sequence database
# INFERNAL 1.1.3 (Nov 2019)
# Copyright (C) 2019 Howard Hughes Medical Institute.
# Freely distributed under the BSD open source license.
# - - - - - - - - - - - - - - - - - - - - - - - - - - - - - - - - - - - -
# query CM file:                         toxilit2_model.cm
# target sequence database:              ../all_genomes.fna
# database size is set to:               549862.6 Mb
# output directed to file:               toxilit2_cmsearch.out
# MSA of significant hits saved to file: toxilit2_cmsearch_msa.fa
# tabular output of hits:                toxilit2_cmsearch_hits.txt
# verbose output mode:                   on
# sequence reporting threshold:          E-value <= 1000
# HMM-only mode for 0 basepair models:   no
# number of worker threads:              16 [--cpu]
# - - - - - - - - - - - - - - - - - - - - - - - - - - - - - - - - - - - -

Query:       result  [CLEN=41]
Hit scores:
 rank     E-value  score  bias  sequence  start    end   mdl trunc   gc  description
 ----   --------- ------ -----  -------- ------ ------   --- ----- ----  -----------

   [No hits detected that satisfy reporting thresholds]


Hit alignments:

   [No hits detected that satisfy reporting thresholds]


Hit alignment statistics summary:
---------------------------------

   [No hits detected]


Internal CM pipeline statistics summary: (full sequences)
----------------------------------------
Query model(s):                                                  1  (41 consensus positions)
Target sequences:                                          9855780  (739763817440 residues searched)
Windows   passing  local HMM SSV           filter:       605340642  (0.06445); expected (0.06)
Windows   passing  local HMM Viterbi       filter:        90789993  (0.009812); expected (0.02)
Windows   passing  local HMM Viterbi  bias filter:        50955765  (0.005396); expected (0.02)
Windows   passing  local HMM Forward       filter:           36011  (5.428e-06); expected (0.0002)
Windows   passing  local HMM Forward  bias filter:            4739  (7.472e-07); expected (0.0002)
Windows   passing glocal HMM Forward       filter:            4457  (7.464e-07); expected (0.0002)
Windows   passing glocal HMM Forward  bias filter:            4446  (7.448e-07); expected (0.0002)
Envelopes passing glocal HMM envelope defn filter:            2258  (1.432e-07); expected (0.0002)
Envelopes passing  local CM  CYK           filter:             844  (5.128e-08); expected (0.0001)
Total       non-truncated CM hits reported:                      0  (0)

CYK    filter stage scan matrix overflows:                       0  (0)
Inside final  stage scan matrix overflows:                       0  (0)

Internal CM pipeline statistics summary: (5' terminal sequence regions)
----------------------------------------
Query model(s):                                                  1  (41 consensus positions)
Target sequences re-searched for truncated hits:           9855780  (1576902506 residues re-searched)
Windows   passing  local HMM SSV           filter:             346  (1.363e-05); expected (0.06)
Windows   passing  local HMM Viterbi       filter:             108  (4.32e-06); expected (0.02)
Windows   passing  local HMM Viterbi  bias filter:              67  (2.775e-06); expected (0.02)
Windows   passing  local HMM Forward       filter:              13  (6.215e-07); expected (0.0002)
Windows   passing  local HMM Forward  bias filter:               5  (2.201e-07); expected (0.0002)
Windows   passing glocal HMM Forward       filter:               2  (8.434e-08); expected (0.0002)
Windows   passing glocal HMM Forward  bias filter:               2  (8.434e-08); expected (0.0002)
Envelopes passing glocal HMM envelope defn filter:               2  (5.327e-08); expected (0.0002)
Envelopes passing  local CM  CYK           filter:               1  (2.537e-08); expected (0.0001)
Total        5' truncated CM hits reported:                      0  (0)

CYK    filter stage scan matrix overflows:                       0  (0)
Inside final  stage scan matrix overflows:                       0  (0)

Internal CM pipeline statistics summary: (3' terminal sequence regions)
----------------------------------------
Query model(s):                                                  1  (41 consensus positions)
Target sequences re-searched for truncated hits:           9855780  (1576902506 residues re-searched)
Windows   passing  local HMM SSV           filter:             452  (1.809e-05); expected (0.06)
Windows   passing  local HMM Viterbi       filter:             170  (6.905e-06); expected (0.02)
Windows   passing  local HMM Viterbi  bias filter:             103  (4.19e-06); expected (0.02)
Windows   passing  local HMM Forward       filter:              16  (7.451e-07); expected (0.0002)
Windows   passing  local HMM Forward  bias filter:              11  (5.029e-07); expected (0.0002)
Windows   passing glocal HMM Forward       filter:               3  (1.522e-07); expected (0.0002)
Windows   passing glocal HMM Forward  bias filter:               3  (1.522e-07); expected (0.0002)
Envelopes passing glocal HMM envelope defn filter:               2  (5.137e-08); expected (0.0002)
Envelopes passing  local CM  CYK           filter:               1  (2.537e-08); expected (0.0001)
Total        3' truncated CM hits reported:                      0  (0)

CYK    filter stage scan matrix overflows:                       0  (0)
Inside final  stage scan matrix overflows:                       0  (0)

Internal CM pipeline statistics summary: (full sequences short enough to contain a 5' and 3' truncated hit)
----------------------------------------
Query model(s):                                                  1  (41 consensus positions)
Target sequences re-searched for truncated hits:              1153  (162186 residues re-searched)
Windows   passing  local HMM SSV           filter:               0  (0); expected (0.06)
Windows   passing  local HMM Viterbi       filter:               0  (0); expected (0.02)
Windows   passing  local HMM Viterbi  bias filter:               0  (0); expected (0.02)
Windows   passing  local HMM Forward       filter:               0  (0); expected (0.0002)
Windows   passing  local HMM Forward  bias filter:               0  (0); expected (0.0002)
Windows   passing glocal HMM Forward       filter:               0  (0); expected (0.0002)
Windows   passing glocal HMM Forward  bias filter:               0  (0); expected (0.0002)
Envelopes passing glocal HMM envelope defn filter:               0  (0); expected (0.0002)
Envelopes passing  local CM  CYK           filter:               0  (0); expected (0.0001)
Total 5' and 3' truncated CM hits reported:                      0  (0)

CYK    filter stage scan matrix overflows:                       0  (0)
Inside final  stage scan matrix overflows:                       0  (0)

Internal CM pipeline statistics summary: (standard and truncated passes)
----------------------------------------
Query model(s):                                                  1  (41 consensus positions)
Target sequences:                                          9855780  (739763817440 residues searched)
Target sequences re-searched for truncated hits:           9855780  (3153967198 residues re-searched)
Windows   passing  local HMM SSV           filter:       605341440  (0.06418); expected (0.06)
Windows   passing  local HMM Viterbi       filter:        90790271  (0.00977); expected (0.02)
Windows   passing  local HMM Viterbi  bias filter:        50955935  (0.005373); expected (0.02)
Windows   passing  local HMM Forward       filter:           36040  (5.408e-06); expected (0.0002)
Windows   passing  local HMM Forward  bias filter:            4755  (7.455e-07); expected (0.0002)
Windows   passing glocal HMM Forward       filter:            4462  (7.438e-07); expected (0.0002)
Windows   passing glocal HMM Forward  bias filter:            4451  (7.422e-07); expected (0.0002)
Envelopes passing glocal HMM envelope defn filter:            2262  (1.428e-07); expected (0.0002)
Envelopes passing  local CM  CYK           filter:             846  (5.117e-08); expected (0.0001)
Total CM hits reported:                                          0  (0); includes 0 truncated hit(s)

CYK    filter stage scan matrix overflows:                       0  (0)
Inside final  stage scan matrix overflows:                       0  (0)

# CPU time: 17165.64u 656.89s 04:57:02.53 Elapsed: 00:52:38.84
# No hits satisfy inclusion thresholds; no alignment saved
//
[ok]
