# cmsearch :: search CM(s) against a sequence database
# INFERNAL 1.1.3 (Nov 2019)
# Copyright (C) 2019 Howard Hughes Medical Institute.
# Freely distributed under the BSD open source license.
# - - - - - - - - - - - - - - - - - - - - - - - - - - - - - - - - - - - -
# query CM file:                         toxilit2_model.cm
# target sequence database:              ../../all_genomes.fna
# database size is set to:               549862.6 Mb
# output directed to file:               toxilit2_cmsearch--mid.out
# MSA of significant hits saved to file: toxilit2_cmsearch--mid_msa.fa
# tabular output of hits:                toxilit2_cmsearch--mid_hits.txt
# verbose output mode:                   on
# sequence reporting threshold:          E-value <= 1000
# HMM MSV and Viterbi filters:           off
# HMM-only mode for 0 basepair models:   no
# number of worker threads:              16 [--cpu]
# - - - - - - - - - - - - - - - - - - - - - - - - - - - - - - - - - - - -

Query:       result  [CLEN=41]
Hit scores:
 rank     E-value  score  bias  sequence  start    end   mdl trunc   gc  description
 ----   --------- ------ -----  -------- ------ ------   --- ----- ----  -----------

   [No hits detected that satisfy reporting thresholds]


Hit alignments:

   [No hits detected that satisfy reporting thresholds]


Hit alignment statistics summary:
---------------------------------

   [No hits detected]


Internal CM pipeline statistics summary: (full sequences)
----------------------------------------
Query model(s):                                                  1  (41 consensus positions)
Target sequences:                                          9855780  (739763817440 residues searched)
Windows   passing  local HMM SSV           filter:                  (off)
Windows   passing  local HMM Viterbi       filter:                  (off)
Windows   passing  local HMM Viterbi  bias filter:                  (off)
Windows   passing  local HMM Forward       filter:       359129480  (0.05953); expected (0.02)
Windows   passing  local HMM Forward  bias filter:       102372747  (0.01886); expected (0.02)
Windows   passing glocal HMM Forward       filter:        70041042  (0.01842); expected (0.02)
Windows   passing glocal HMM Forward  bias filter:        68182632  (0.01798); expected (0.02)
Envelopes passing glocal HMM envelope defn filter:        28890066  (0.003689); expected (0.02)
Envelopes passing  local CM  CYK           filter:         1624596  (0.0001066); expected (0.0001)
Total       non-truncated CM hits reported:                      0  (0)

CYK    filter stage scan matrix overflows:                       0  (0)
Inside final  stage scan matrix overflows:                       0  (0)

Internal CM pipeline statistics summary: (5' terminal sequence regions)
----------------------------------------
Query model(s):                                                  1  (41 consensus positions)
Target sequences re-searched for truncated hits:           9855780  (1576902506 residues re-searched)
Windows   passing  local HMM SSV           filter:                  (off)
Windows   passing  local HMM Viterbi       filter:                  (off)
Windows   passing  local HMM Viterbi  bias filter:                  (off)
Windows   passing  local HMM Forward       filter:          641201  (0.03253); expected (0.02)
Windows   passing  local HMM Forward  bias filter:          174107  (0.008833); expected (0.02)
Windows   passing glocal HMM Forward       filter:           87471  (0.004438); expected (0.02)
Windows   passing glocal HMM Forward  bias filter:           87471  (0.004438); expected (0.02)
Envelopes passing glocal HMM envelope defn filter:           58976  (0.001504); expected (0.02)
Envelopes passing  local CM  CYK           filter:              36  (9.506e-07); expected (0.0001)
Total        5' truncated CM hits reported:                      0  (0)

CYK    filter stage scan matrix overflows:                       0  (0)
Inside final  stage scan matrix overflows:                       0  (0)

Internal CM pipeline statistics summary: (3' terminal sequence regions)
----------------------------------------
Query model(s):                                                  1  (41 consensus positions)
Target sequences re-searched for truncated hits:           9855780  (1576902506 residues re-searched)
Windows   passing  local HMM SSV           filter:                  (off)
Windows   passing  local HMM Viterbi       filter:                  (off)
Windows   passing  local HMM Viterbi  bias filter:                  (off)
Windows   passing  local HMM Forward       filter:          731554  (0.03711); expected (0.02)
Windows   passing  local HMM Forward  bias filter:          211384  (0.01072); expected (0.02)
Windows   passing glocal HMM Forward       filter:           65718  (0.003334); expected (0.02)
Windows   passing glocal HMM Forward  bias filter:           65718  (0.003334); expected (0.02)
Envelopes passing glocal HMM envelope defn filter:           41536  (0.001108); expected (0.02)
Envelopes passing  local CM  CYK           filter:              62  (1.639e-06); expected (0.0001)
Total        3' truncated CM hits reported:                      0  (0)

CYK    filter stage scan matrix overflows:                       0  (0)
Inside final  stage scan matrix overflows:                       0  (0)

Internal CM pipeline statistics summary: (full sequences short enough to contain a 5' and 3' truncated hit)
----------------------------------------
Query model(s):                                                  1  (41 consensus positions)
Target sequences re-searched for truncated hits:              1153  (162186 residues re-searched)
Windows   passing  local HMM SSV           filter:                  (off)
Windows   passing  local HMM Viterbi       filter:                  (off)
Windows   passing  local HMM Viterbi  bias filter:                  (off)
Windows   passing  local HMM Forward       filter:               9  (0.003385); expected (0.02)
Windows   passing  local HMM Forward  bias filter:               9  (0.003385); expected (0.02)
Windows   passing glocal HMM Forward       filter:               0  (0); expected (0.02)
Windows   passing glocal HMM Forward  bias filter:               0  (0); expected (0.02)
Envelopes passing glocal HMM envelope defn filter:               0  (0); expected (0.02)
Envelopes passing  local CM  CYK           filter:               0  (0); expected (0.0001)
Total 5' and 3' truncated CM hits reported:                      0  (0)

CYK    filter stage scan matrix overflows:                       0  (0)
Inside final  stage scan matrix overflows:                       0  (0)

Internal CM pipeline statistics summary: (standard and truncated passes)
----------------------------------------
Query model(s):                                                  1  (41 consensus positions)
Target sequences:                                          9855780  (739763817440 residues searched)
Target sequences re-searched for truncated hits:           9855780  (3153967198 residues re-searched)
Windows   passing  local HMM SSV           filter:                  (off)
Windows   passing  local HMM Viterbi       filter:                  (off)
Windows   passing  local HMM Viterbi  bias filter:                  (off)
Windows   passing  local HMM Forward       filter:       360502244  (0.05943); expected (0.02)
Windows   passing  local HMM Forward  bias filter:       102758247  (0.01882); expected (0.02)
Windows   passing glocal HMM Forward       filter:        70194231  (0.01835); expected (0.02)
Windows   passing glocal HMM Forward  bias filter:        68335821  (0.01792); expected (0.02)
Envelopes passing glocal HMM envelope defn filter:        28990578  (0.003679); expected (0.02)
Envelopes passing  local CM  CYK           filter:         1624694  (0.0001061); expected (0.0001)
Total CM hits reported:                                          0  (0); includes 0 truncated hit(s)

CYK    filter stage scan matrix overflows:                       0  (0)
Inside final  stage scan matrix overflows:                       0  (0)

# CPU time: 1349848.03u 1210.35s 375:17:38.38 Elapsed: 24:25:24.86
# No hits satisfy inclusion thresholds; no alignment saved
//
[ok]
